Log file open, 05/15/17 18:41:00
LogInit:Display: Running engine for game: DoomLike
LogPlatformFile: Not using cached read wrapper
LogInit:Display: RandInit(-2104830785) SRandInit(-2104830785).
LogTaskGraph: Started task graph with 5 named threads and 8 total threads with 1 sets of task threads.
LogStats: Stats thread started at 0.076960
LogInit: Using libcurl 7.47.1
LogInit:  - built for x86_64-pc-win32
LogInit:  - supports SSL with OpenSSL/1.0.2g
LogInit:  - supports HTTP deflate (compression) using libz 1.2.8
LogInit:  - other features:
LogInit:      CURL_VERSION_SSL
LogInit:      CURL_VERSION_LIBZ
LogInit:      CURL_VERSION_IPV6
LogInit:      CURL_VERSION_ASYNCHDNS
LogInit:      CURL_VERSION_LARGEFILE
LogInit:      CURL_VERSION_IDN
LogInit:  CurlRequestOptions (configurable via config and command line):
LogInit:  - bVerifyPeer = false  - Libcurl will NOT verify peer certificate
LogInit:  - bUseHttpProxy = false  - Libcurl will NOT use HTTP proxy
LogInit:  - bDontReuseConnections = false  - Libcurl will reuse connections
LogInit:  - CertBundlePath = nullptr  - Libcurl will use whatever was configured at build time.
LogInit: Build: ++UE4+Release-4.15-CL-3416026
LogInit: Engine Version: 4.15.2-3416026+++UE4+Release-4.15
LogInit: Compatible Engine Version: 4.15.0-3299760+++UE4+Release-4.15
LogInit: Net CL: 3299760
LogDevObjectVersion: Number of dev versions registered: 14
LogDevObjectVersion:   Dev-Blueprints (B0D832E4-1F89-4F0D-ACCF-7EB736FD4AA2): 8
LogDevObjectVersion:   Dev-Build (E1C64328-A22C-4D53-A36C-8E866417BD8C): 0
LogDevObjectVersion:   Dev-Core (375EC13C-06E4-48FB-B500-84F0262A717E): 2
LogDevObjectVersion:   Dev-Editor (E4B068ED-F494-42E9-A231-DA0B2E46BB41): 14
LogDevObjectVersion:   Dev-Framework (CFFC743F-43B0-4480-9391-14DF171D2073): 22
LogDevObjectVersion:   Dev-Mobile (B02B49B5-BB20-44E9-A304-32B752E40360): 0
LogDevObjectVersion:   Dev-Networking (A4E4105C-59A1-49B5-A7C5-40C4547EDFEE): 0
LogDevObjectVersion:   Dev-Online (39C831C9-5AE6-47DC-9A44-9C173E1C8E7C): 0
LogDevObjectVersion:   Dev-Physics (78F01B33-EBEA-4F98-B9B4-84EACCB95AA2): 0
LogDevObjectVersion:   Dev-Platform (6631380F-2D4D-43E0-8009-CF276956A95A): 0
LogDevObjectVersion:   Dev-Rendering (12F88B9F-8875-4AFC-A67C-D90C383ABD29): 12
LogDevObjectVersion:   Dev-Sequencer (7B5AE74C-D270-4C10-A958-57980B212A5A): 3
LogDevObjectVersion:   Dev-VR (D7296918-1DD6-4BDD-9DE2-64A83CC13884): 0
LogDevObjectVersion:   Dev-LoadTimes (C2A15278-BFE7-4AFE-6C17-90FF531DF755): 1
LogInit: Compiled (64-bit): May  1 2017 13:11:28
LogInit: Compiled with Visual C++: 19.00.23026.00
LogInit: Build Configuration: Development
LogInit: Branch Name: ++UE4+Release-4.15
LogInit: Command line: -EpicPortal 
LogInit: Base directory: C:/Program Files/Epic Games/UE_4.15/Engine/Binaries/Win64/
LogInit: Installed Engine Build: 1
LogInit: Presizing for max 8388607 objects, including 0 objects not considered by GC, pre-allocating 0 bytes for permanent pool.
LogInit: Object subsystem initialized
[2017.05.15-16.41.01:902][  0]LogInit: Selected Device Profile: [Windows]
[2017.05.15-16.41.01:902][  0]LogInit: Applying CVar settings loaded from the selected device profile: [Windows]
[2017.05.15-16.41.01:943][  0]LogInit: Computer: K103-5431
[2017.05.15-16.41.01:943][  0]LogInit: User: tcaselli
[2017.05.15-16.41.01:943][  0]LogInit: CPU Page size=65536, Cores=4
[2017.05.15-16.41.01:943][  0]LogInit: High frequency timer resolution =3.515745 MHz
[2017.05.15-16.41.01:943][  0]LogMemory: Memory total: Physical=11.9GB (12GB approx)
[2017.05.15-16.41.01:943][  0]LogMemory: Platform Memory Stats for Windows
[2017.05.15-16.41.01:943][  0]LogMemory: Process Physical Memory: 260.64 MB used, 260.64 MB peak
[2017.05.15-16.41.01:943][  0]LogMemory: Process Virtual Memory: 262.39 MB used, 262.39 MB peak
[2017.05.15-16.41.01:943][  0]LogMemory: Physical Memory: 8698.03 MB used,  3514.15 MB free, 12212.18 MB total
[2017.05.15-16.41.01:943][  0]LogMemory: Virtual Memory: 624.65 MB used,  3514.15 MB free, 134217728.00 MB total
[2017.05.15-16.41.02:024][  0]LogTextLocalizationManager: No translations for ('fr-FR') exist, falling back to 'en' for localization and internationalization data.
[2017.05.15-16.41.06:335][  0]LogD3D11RHI: D3D11 adapters:
[2017.05.15-16.41.06:356][  0]LogD3D11RHI:    0. 'NVIDIA GeForce GTX 660' (Feature Level 11_0)
[2017.05.15-16.41.06:356][  0]LogD3D11RHI:       1984/0/2048 MB DedicatedVideo/DedicatedSystem/SharedSystem, Outputs:1, VendorId:0x10de
[2017.05.15-16.41.06:357][  0]LogD3D11RHI:    1. 'Microsoft Basic Render Driver' (Feature Level 11_0)
[2017.05.15-16.41.06:357][  0]LogD3D11RHI:       0/0/256 MB DedicatedVideo/DedicatedSystem/SharedSystem, Outputs:0, VendorId:0x1414
[2017.05.15-16.41.06:357][  0]LogD3D11RHI: Chosen D3D11 Adapter: 0
[2017.05.15-16.41.06:361][  0]LogD3D11RHI: Creating new Direct3DDevice
[2017.05.15-16.41.06:361][  0]LogD3D11RHI:     GPU DeviceId: 0x11c0 (for the marketing name, search the web for "GPU Device Id")
[2017.05.15-16.41.06:361][  0]LogWindows: EnumDisplayDevices:
[2017.05.15-16.41.06:361][  0]LogWindows:    0. 'NVIDIA GeForce GTX 660' (P:1 D:1)
[2017.05.15-16.41.06:361][  0]LogWindows:    1. 'NVIDIA GeForce GTX 660' (P:0 D:0)
[2017.05.15-16.41.06:361][  0]LogWindows:    2. 'NVIDIA GeForce GTX 660' (P:0 D:0)
[2017.05.15-16.41.06:361][  0]LogWindows:    3. 'NVIDIA GeForce GTX 660' (P:0 D:0)
[2017.05.15-16.41.06:362][  0]LogWindows: DebugString: FoundDriverCount:4 
[2017.05.15-16.41.06:362][  0]LogD3D11RHI:     Adapter Name: NVIDIA GeForce GTX 660
[2017.05.15-16.41.06:362][  0]LogD3D11RHI:   Driver Version: 368.69 (internal:10.18.13.6869, unified:368.69)
[2017.05.15-16.41.06:362][  0]LogD3D11RHI:      Driver Date: 6-29-2016
[2017.05.15-16.41.06:362][  0]LogRHI: Texture pool is 1361 MB (70% of 1945 MB)
[2017.05.15-16.41.06:372][  0]LogD3D11RHI:Warning: Timestamp queries are currently disabled on this hardware due to instability. Realtime GPU stats will not be available. You can override this behaviour by setting r.NVIDIATimestampWorkaround to 0
[2017.05.15-16.41.06:373][  0]LogD3D11RHI: [Aftermath] Aftermath enabled but failed to initialize due to reason: DriverVersionNotSupported
[2017.05.15-16.41.06:373][  0]LogD3D11RHI: Async texture creation enabled
[2017.05.15-16.41.06:391][  0]LogD3D11RHI: GPU Timing Frequency: 1000.000000 (Debug: 2 2)
[2017.05.15-16.41.06:440][  0]LogShaderCompilers: Guid format shader working directory is -3 characters bigger than the processId version (../../../../../../Users/t.caselli/Downloads/Doom-Like/Intermediate/Shaders/WorkingDirectory/6396/).
[2017.05.15-16.41.06:441][  0]LogShaderCompilers: Cleaned the shader compiler working directory 'C:/Users/t.caselli/AppData/Local/Temp/UnrealShaderWorkingDir/5569FE274BA3135F0D0FD395C9FD12E3/'.
[2017.05.15-16.41.06:441][  0]LogShaderCompilers:Display: Using Local Shader Compiler.
[2017.05.15-16.41.10:205][  0]LogTemp:Display: Loaded TP AllDesktopTargetPlatform
[2017.05.15-16.41.10:261][  0]LogTemp:Display: Loaded TP MacClientTargetPlatform
[2017.05.15-16.41.10:317][  0]LogTemp:Display: Loaded TP MacNoEditorTargetPlatform
[2017.05.15-16.41.10:375][  0]LogTemp:Display: Loaded TP MacServerTargetPlatform
[2017.05.15-16.41.10:447][  0]LogTemp:Display: Loaded TP MacTargetPlatform
[2017.05.15-16.41.10:503][  0]LogTemp:Display: Loaded TP WindowsClientTargetPlatform
[2017.05.15-16.41.10:561][  0]LogTemp:Display: Loaded TP WindowsNoEditorTargetPlatform
[2017.05.15-16.41.10:619][  0]LogTemp:Display: Loaded TP WindowsServerTargetPlatform
[2017.05.15-16.41.10:664][  0]LogTemp:Display: Loaded TP WindowsTargetPlatform
[2017.05.15-16.41.10:733][  0]LogTemp:Display: Loaded TP AndroidTargetPlatform
[2017.05.15-16.41.10:789][  0]LogTemp:Display: Loaded TP Android_ASTCTargetPlatform
[2017.05.15-16.41.10:844][  0]LogTemp:Display: Loaded TP Android_ATCTargetPlatform
[2017.05.15-16.41.10:900][  0]LogTemp:Display: Loaded TP Android_DXTTargetPlatform
[2017.05.15-16.41.10:983][  0]LogTemp:Display: Loaded TP Android_ETC1TargetPlatform
[2017.05.15-16.41.11:043][  0]LogTemp:Display: Loaded TP Android_ETC2TargetPlatform
[2017.05.15-16.41.11:155][  0]LogTemp:Display: Loaded TP Android_MultiTargetPlatform
[2017.05.15-16.41.11:155][  0]LogTemp:Display: Loaded TP Android_PVRTCTargetPlatform
[2017.05.15-16.41.11:194][  0]LogTemp:Display: Loaded TP HTML5TargetPlatform
[2017.05.15-16.41.11:324][  0]LogTemp:Display: Loaded TP IOSTargetPlatform
[2017.05.15-16.41.11:362][  0]LogTemp:Display: Loaded TP TVOSTargetPlatform
[2017.05.15-16.41.11:418][  0]LogTemp:Display: Loaded TP LinuxClientTargetPlatform
[2017.05.15-16.41.11:473][  0]LogTemp:Display: Loaded TP LinuxNoEditorTargetPlatform
[2017.05.15-16.41.11:529][  0]LogTemp:Display: Loaded TP LinuxServerTargetPlatform
[2017.05.15-16.41.11:598][  0]LogTemp:Display: Loaded TP LinuxTargetPlatform
[2017.05.15-16.41.11:598][  0]LogTargetPlatformManager:Display: Building Assets For Windows
[2017.05.15-16.41.12:126][  0]LogDerivedDataCache:Display: Max Cache Size: 512 MB
[2017.05.15-16.41.12:620][  0]LogDerivedDataCache: Loaded boot cache 0.49s 52MB C:/Users/t.caselli/AppData/Local/UnrealEngine/4.15/DerivedDataCache/Boot.ddc.
[2017.05.15-16.41.12:620][  0]LogDerivedDataCache:Display: Loaded Boot cache: C:/Users/t.caselli/AppData/Local/UnrealEngine/4.15/DerivedDataCache/Boot.ddc
[2017.05.15-16.41.12:620][  0]LogDerivedDataCache: FDerivedDataBackendGraph:  Pak pak cache file ../../../../../../Users/t.caselli/Downloads/Doom-Like/DerivedDataCache/DDC.ddp not found, will not use a pak cache.
[2017.05.15-16.41.12:620][  0]LogDerivedDataCache: Unable to find inner node Pak for hierarchical cache Hierarchy.
[2017.05.15-16.41.12:620][  0]LogDerivedDataCache: FDerivedDataBackendGraph:  CompressedPak pak cache file ../../../../../../Users/t.caselli/Downloads/Doom-Like/DerivedDataCache/Compressed.ddp not found, will not use a pak cache.
[2017.05.15-16.41.12:620][  0]LogDerivedDataCache: Unable to find inner node CompressedPak for hierarchical cache Hierarchy.
[2017.05.15-16.41.12:659][  0]LogDerivedDataCache:Display: Pak cache opened for reading ../../../Engine/DerivedDataCache/Compressed.ddp.
[2017.05.15-16.41.12:672][  0]LogDerivedDataCache: Using Local data cache path C:/Users/t.caselli/AppData/Local/UnrealEngine/Common/DerivedDataCache: Writable
[2017.05.15-16.41.12:683][  0]LogSlate: Using Freetype 2.6.0
[2017.05.15-16.41.12:708][  0]LogSlate: SlateFontCache - WITH_FREETYPE: 1, WITH_HARFBUZZ: 1
[2017.05.15-16.41.12:708][  0]LogSlate: SlateFontCache - WITH_FREETYPE: 1, WITH_HARFBUZZ: 1
[2017.05.15-16.41.14:609][  0]LogInit: Selected Device Profile: [Windows]
[2017.05.15-16.41.14:612][  0]LogContentStreaming: Texture pool size is 0.00 MB
[2017.05.15-16.41.14:829][  0]LogMeshUtilities: Using QuadricMeshReduction for automatic static mesh reduction
[2017.05.15-16.41.14:872][  0]LogSimplygon: Simplygon DLL not present - disabling.
[2017.05.15-16.41.14:917][  0]LogMeshUtilities: Using SimplygonSwarm for distributed automatic mesh merging
[2017.05.15-16.41.14:917][  0]LogMeshUtilities: No automatic skeletal mesh reduction module available
[2017.05.15-16.41.14:917][  0]LogMeshUtilities: No automatic mesh merging module available
[2017.05.15-16.41.15:627][  0]LogNetVersion: GetLocalNetworkVersion: CL: 3299760, ProjectName: doomlike, ProjectVersion: , EngineNetworkVersion: 2, GameNetworkVersion: 0, NetworkChecksum: 1800947715
[2017.05.15-16.41.15:685][  0]LogAssetRegistry: FAssetRegistry took 0.0223 seconds to start up
[2017.05.15-16.41.15:732][  0]LogPackageLocalizationCache: Processed 4 localized package path(s) for 1 prioritized culture(s) in 0.022609 seconds
[2017.05.15-16.41.15:738][  0]LogUObjectArray: 32493 objects as part of root set at end of initial load.
[2017.05.15-16.41.15:738][  0]LogUObjectAllocator: 7077024 out of 0 bytes used by permanent object pool.
[2017.05.15-16.41.15:738][  0]LogUObjectArray: CloseDisregardForGC: 0/0 objects in disregard for GC pool
[2017.05.15-16.41.15:806][  0]LogInit: WinSock: version 1.1 (2.2), MaxSocks=32767, MaxUdp=65467
[2017.05.15-16.41.34:942][  0]LogTcpMessaging: Initializing TcpMessaging bridge
[2017.05.15-16.41.34:983][  0]LogUdpMessaging: Initializing bridge on interface 0.0.0.0:0 to multicast group 230.0.0.1:6666.
[2017.05.15-16.41.35:788][  0]LogMaterial: Uniform references updated for custom material expression Custom.
[2017.05.15-16.41.36:230][  0]SourceControl: Info Source control is disabled
[2017.05.15-16.41.36:230][  0]SourceControl: Info Source control is disabled
[2017.05.15-16.41.36:286][  0]SourceControl: Info Source control is disabled
[2017.05.15-16.41.36:332][  0]SourceControl: Info Source control is disabled
[2017.05.15-16.41.37:951][  0]LogEngine: Initializing Engine...
[2017.05.15-16.41.37:951][  0]LogHMD: Failed to initialize OpenVR with code 110
[2017.05.15-16.41.38:065][  0]LogStats: UGameplayTagsManager::ConstructGameplayTagTree: Construct from data asset -  0.000 s
[2017.05.15-16.41.38:065][  0]LogStats: UGameplayTagsManager::ConstructGameplayTagTree: GameplayTagTreeChangedEvent.Broadcast -  0.000 s
[2017.05.15-16.41.38:190][  0]LogAIModule: Creating AISystem for world Untitled
[2017.05.15-16.41.38:196][  0]LogInit: XAudio2 using 'Casque (Périphérique High Definition Audio)' : 2 channels at 44.1 kHz using 16 bits per sample (channel mask 0x3)
[2017.05.15-16.41.38:208][  0]LogInit: FAudioDevice initialized.
[2017.05.15-16.41.38:244][  0]LogDerivedDataCache: Saved boot cache 0.04s 52MB C:/Users/t.caselli/AppData/Local/UnrealEngine/4.15/DerivedDataCache/Boot.ddc.
[2017.05.15-16.41.38:260][  0]LogInit: Texture streaming: Enabled
[2017.05.15-16.41.38:362][  0]LogEngineSessionManager: EngineSessionManager initialized
[2017.05.15-16.41.38:470][  0]LogInit: Transaction tracking system initialized
[2017.05.15-16.41.38:906][  0]BlueprintLog: New page: Editor Load
[2017.05.15-16.41.39:814][  0]LocalizationService: Info Localization service is disabled
[2017.05.15-16.41.40:662][  0]LogConsoleResponse:Display: 
[2017.05.15-16.41.40:851][  0]LogCook:Display: Max memory allowance for cook 16384mb min free memory 0mb
[2017.05.15-16.41.40:851][  0]LogCook:Display: Mobile HDR setting 1
[2017.05.15-16.41.41:545][  0]LogFileCache: Scanning file cache for directory 'C:/Users/t.caselli/Downloads/Doom-Like/Content/' took 0.02s
[2017.05.15-16.41.42:162][  0]SourceControl: Info Source control is disabled
[2017.05.15-16.41.42:162][  0]Cmd: MAP LOAD FILE="../../../../../../Users/t.caselli/Downloads/Doom-Like/Content/FirstPersonBP/Maps/FirstPersonExampleMap.umap" TEMPLATE=0 SHOWPROGRESS=1 FEATURELEVEL=3
[2017.05.15-16.41.42:234][  0]LightingResults: New page: Lighting Build
[2017.05.15-16.41.42:273][  0]MapCheck: New page: Map Check
[2017.05.15-16.41.42:274][  0]LightingResults: New page: Lighting Build
[2017.05.15-16.41.45:157][  0]LogAIModule: Creating AISystem for world FirstPersonExampleMap
[2017.05.15-16.41.45:415][  0]LogEditorServer: Finished looking for orphan Actors (0.000 secs)
[2017.05.15-16.41.45:427][  0]Cmd: MAP CHECKDEP NOCLEARLOG
[2017.05.15-16.41.45:507][  0]MapCheck: Info Map check complete: 0 Error(s), 0 Warning(s), took 80.126ms to complete.
[2017.05.15-16.41.45:507][  0]LogFileHelpers: Loading map 'FirstPersonExampleMap' took 3.345
[2017.05.15-16.41.45:582][  0]LogWindowsTextInputMethodSystem:Display: IME system now deactivated.
[2017.05.15-16.41.46:303][  0]LogCollectionManager: Loaded 0 collections in 0.003661 seconds
[2017.05.15-16.41.46:501][  0]LogFileCache: Scanning file cache for directory 'C:/Users/t.caselli/Downloads/Doom-Like/Saved/Collections/' took 0.01s
[2017.05.15-16.41.46:501][  0]LogFileCache: Scanning file cache for directory 'C:/Users/t.caselli/Downloads/Doom-Like/Content/Developers/tcaselli/Collections/' took 0.01s
[2017.05.15-16.41.46:501][  0]LogFileCache: Scanning file cache for directory 'C:/Users/t.caselli/Downloads/Doom-Like/Content/Collections/' took 0.01s
[2017.05.15-16.41.46:501][  0]LogCollectionManager: Rebuilt the GUID cache for 0 collections in 0.000002 seconds
[2017.05.15-16.41.46:514][  0]LogContentBrowser: Native class hierarchy populated in 0.0106 seconds. Added 2270 classes and 462 folders.
[2017.05.15-16.41.46:606][  0]LogContentBrowser: Native class hierarchy updated for 'WidgetCarousel' in 0.0006 seconds. Added 0 classes and 0 folders.
[2017.05.15-16.41.48:330][  0]LogContentBrowser: Native class hierarchy updated for 'AddContentDialog' in 0.0010 seconds. Added 0 classes and 0 folders.
[2017.05.15-16.41.48:480][  0]LogContentBrowser: Native class hierarchy updated for 'SceneOutliner' in 0.0014 seconds. Added 1 classes and 2 folders.
[2017.05.15-16.41.48:823][  0]LogCrashTracker: Crashtracker disabled due to settings.
[2017.05.15-16.41.48:879][  0]LogUObjectGlobals:Warning: Failed to find object 'Class None.'
[2017.05.15-16.41.48:955][  0]LogContentBrowser: Native class hierarchy updated for 'HierarchicalLODOutliner' in 0.0006 seconds. Added 1 classes and 2 folders.
[2017.05.15-16.41.48:956][  0]LogLoad: (Engine Initialization) Total time: 50.58 seconds
[2017.05.15-16.41.48:956][  0]LogLoad: (Engine Initialization) Total Blueprint compile time: 0.43 seconds
[2017.05.15-16.41.48:956][  0]LogExternalProfiler: Found external profiler: VSPerf
[2017.05.15-16.41.48:956][  0]LogExternalProfiler: Using external profiler: VSPerf
[2017.05.15-16.41.48:965][  0]LogOcInput: OculusInput pre-init called
[2017.05.15-16.41.49:022][  0]LogContentStreaming: Texture pool size now 1000 MB
[2017.05.15-16.41.49:049][  0]LogSlate: Took 0.025248 seconds to synchronously load lazily loaded font '../../../Engine/Content/Slate/Fonts/Roboto-Regular.ttf' (155K)
[2017.05.15-16.41.49:075][  0]LogSlate: Took 0.019088 seconds to synchronously load lazily loaded font '../../../Engine/Content/Slate/Fonts/Roboto-Bold.ttf' (160K)
[2017.05.15-16.41.49:135][  0]LogSlate: Took 0.021249 seconds to synchronously load lazily loaded font '../../../Engine/Content/Editor/Slate/Fonts/FontAwesome.ttf' (139K)
[2017.05.15-16.41.49:754][  0]LogRenderer: Reallocating scene render targets to support 1040x556 NumSamples 1 (Frame:2).
[2017.05.15-16.41.50:166][  1]LogSlate: Took 0.017671 seconds to synchronously load lazily loaded font '../../../Engine/Content/Slate/Fonts/Roboto-Light.ttf' (159K)
[2017.05.15-16.41.50:285][  2]LogSlate: Took 0.000627 seconds to synchronously load lazily loaded font '../../../Engine/Content/Slate/Fonts/Roboto-Light.ttf' (159K)
[2017.05.15-16.41.50:347][  3]LogAssetRegistry: Asset discovery search completed in 34.6870 seconds
[2017.05.15-16.41.50:347][  3]LogCollectionManager: Rebuilt the object cache for 0 collections in 0.000007 seconds (found 0 objects)
[2017.05.15-16.41.50:347][  3]LogCollectionManager: Fixed up redirectors for 0 collections in 0.000024 seconds (updated 0 objects)
[2017.05.15-16.42.03:410][482]LogSlate: Took 0.000246 seconds to synchronously load lazily loaded font '../../../Engine/Content/Slate/Fonts/Roboto-Light.ttf' (159K)
[2017.05.15-16.42.04:471][482]LogSlate: Took 0.014884 seconds to synchronously load lazily loaded font '../../../Engine/Content/Slate/Fonts/Roboto-Regular.ttf' (155K)
[2017.05.15-16.42.06:825][482]LogAIModule: Creating AISystem for world Level1
[2017.05.15-16.42.06:951][482]Cmd: MAP LOAD FILE="../../../../../../Users/t.caselli/Downloads/Doom-Like/Content/FirstPersonBP/Maps/Level1.umap" TEMPLATE=0 SHOWPROGRESS=1 FEATURELEVEL=3
[2017.05.15-16.42.06:951][482]LightingResults: New page: Lighting Build
[2017.05.15-16.42.06:956][482]LoadErrors: New page: Loading map: Level1.umap
[2017.05.15-16.42.06:958][482]MapCheck: New page: Map Check
[2017.05.15-16.42.06:958][482]LightingResults: New page: Lighting Build
[2017.05.15-16.42.07:063][482]LogEditorServer: Finished looking for orphan Actors (0.000 secs)
[2017.05.15-16.42.07:205][482]Cmd: MAP CHECKDEP NOCLEARLOG
[2017.05.15-16.42.07:272][482]MapCheck: Info Map check complete: 0 Error(s), 0 Warning(s), took 66.573ms to complete.
[2017.05.15-16.42.07:273][482]LogFileHelpers: Loading map 'Level1' took 0.325
[2017.05.15-16.42.08:672][628]LogTemp: Repeting last play command: Selected Viewport
[2017.05.15-16.42.08:691][628]LogBlueprintUserMessages: Early PlayInEditor Detection: Level '/Game/FirstPersonBP/Maps/Level1.Level1:PersistentLevel' has LevelScriptBlueprint '/Game/FirstPersonBP/Maps/Level1.Level1:PersistentLevel.Level1' with GeneratedClass '/Game/FirstPersonBP/Maps/Level1.Level1_C' with ClassGeneratedBy '/Game/FirstPersonBP/Maps/Level1.Level1:PersistentLevel.Level1'
[2017.05.15-16.42.08:691][628]LogPlayLevel: PlayLevel: No blueprints needed recompiling
[2017.05.15-16.42.08:720][628]PIE: New page: PIE session: Level1 (May 15, 2017, 8:42:08 PM)
[2017.05.15-16.42.08:732][628]LogPlayLevel: Creating play world package: /Game/FirstPersonBP/Maps/UEDPIE_0_Level1
[2017.05.15-16.42.08:768][628]LogPlayLevel: PIE: StaticDuplicateObject took: (0.035516s)
[2017.05.15-16.42.08:768][628]LogAIModule: Creating AISystem for world Level1
[2017.05.15-16.42.08:768][628]LogPlayLevel: PIE: World Init took: (0.000780s)
[2017.05.15-16.42.08:768][628]LogPlayLevel: PIE: Created PIE world by copying editor world from /Game/FirstPersonBP/Maps/Level1.Level1 to /Game/FirstPersonBP/Maps/UEDPIE_0_Level1.Level1 (0.048559s)
[2017.05.15-16.42.08:780][628]LogInit: XAudio2 using 'Casque (Périphérique High Definition Audio)' : 2 channels at 44.1 kHz using 16 bits per sample (channel mask 0x3)
[2017.05.15-16.42.08:786][628]LogInit: FAudioDevice initialized.
[2017.05.15-16.42.08:955][628]LogLoad: Game class is 'FirstPersonGameMode_C'
[2017.05.15-16.42.09:009][628]LogWorld: Bringing World /Game/FirstPersonBP/Maps/UEDPIE_0_Level1.Level1 up for play (max tick rate 0) at 2017.05.15-18.42.09
[2017.05.15-16.42.09:062][628]LogWorld: Bringing up level for play took: 0.060864
[2017.05.15-16.42.09:148][628]LogContentBrowser: Native class hierarchy updated for 'MovieSceneCapture' in 0.0006 seconds. Added 11 classes and 0 folders.
[2017.05.15-16.42.09:168][628]LogScript:Warning: Accessed None trying to read property K2Node_CustomEvent_DestroyedActor
	Level1_C /Game/FirstPersonBP/Maps/UEDPIE_0_Level1.Level1:PersistentLevel.Level1_C_0
	Function /Game/FirstPersonBP/Maps/Level1.Level1_C:ExecuteUbergraph_Level1:0088
[2017.05.15-16.42.09:168][628]PIE:Error: Error Blueprint Runtime Error: Accessed None trying to read property K2Node_CustomEvent_DestroyedActor from function: 'ExecuteUbergraph_Level1' from node: Bind Event to OnDestroyed in graph: EventGraph in object: Level1 with description: Accessed None trying to read property K2Node_CustomEvent_DestroyedActor
[2017.05.15-16.42.09:168][628]PIE: Info Play in editor start time for /Game/FirstPersonBP/Maps/UEDPIE_0_Level1 0.495
[2017.05.15-16.42.09:180][628]LogBlueprintUserMessages: Late PlayInEditor Detection: Level '/Game/FirstPersonBP/Maps/Level1.Level1:PersistentLevel' has LevelScriptBlueprint '/Game/FirstPersonBP/Maps/Level1.Level1:PersistentLevel.Level1' with GeneratedClass '/Game/FirstPersonBP/Maps/Level1.Level1_C' with ClassGeneratedBy '/Game/FirstPersonBP/Maps/Level1.Level1:PersistentLevel.Level1'
[2017.05.15-16.42.13:700][128]LogBlueprintUserMessages: [Pnj_Saber_176] Hello
[2017.05.15-16.42.17:635][599]LogBlueprintUserMessages: [FirstPersonCharacter_C_0] 79
[2017.05.15-16.42.18:032][639]LogBlueprintUserMessages: [FirstPersonCharacter_C_0] 78
[2017.05.15-16.42.18:392][682]LogBlueprintUserMessages: [FirstPersonCharacter_C_0] 77
[2017.05.15-16.42.18:834][735]LogBlueprintUserMessages: [FirstPersonCharacter_C_0] 76
[2017.05.15-16.42.18:920][745]LogScriptCore:Warning: Script Msg: Attempted to access index 3 from array Sprite of length 3!
[2017.05.15-16.42.22:370][153]LogBlueprintUserMessages: [FirstPersonCharacter_C_0] 81
[2017.05.15-16.42.23:012][230]LogScript:Warning: Attempted to access StaticMeshComponent0 via property StaticMeshComponent, but StaticMeshComponent0 is pending kill
	Ammo_Blueprint_C /Game/FirstPersonBP/Maps/UEDPIE_0_Level1.Level1:PersistentLevel.Ammo_Blueprint
	Function /Game/FirstPersonBP/Blueprints/Ammo_Blueprint.Ammo_Blueprint_C:ExecuteUbergraph_Ammo_Blueprint:0017
[2017.05.15-16.42.23:012][230]PIE:Error: Error Blueprint Runtime Error: Attempted to access StaticMeshComponent0 via property StaticMeshComponent, but StaticMeshComponent0 is pending kill from function: 'ExecuteUbergraph_Ammo_Blueprint' from node: DestroyComponent in graph: EventGraph in object: Ammo_Blueprint with description: Attempted to access StaticMeshComponent0 via property StaticMeshComponent, but StaticMeshComponent0 is pending kill
[2017.05.15-16.42.23:097][240]LogBlueprintUserMessages: [FirstPersonCharacter_C_0] 80
[2017.05.15-16.42.23:508][289]LogBlueprintUserMessages: [FirstPersonCharacter_C_0] 79
[2017.05.15-16.42.24:174][368]LogBlueprintUserMessages: [FirstPersonCharacter_C_0] 78
[2017.05.15-16.42.24:348][389]LogScript:Warning: Attempted to access StaticMeshComponent0 via property StaticMeshComponent, but StaticMeshComponent0 is pending kill
	Ammo_Blueprint_C /Game/FirstPersonBP/Maps/UEDPIE_0_Level1.Level1:PersistentLevel.Ammo_Blueprint
	Function /Game/FirstPersonBP/Blueprints/Ammo_Blueprint.Ammo_Blueprint_C:ExecuteUbergraph_Ammo_Blueprint:0017
[2017.05.15-16.42.24:349][389]PIE:Error: Error Blueprint Runtime Error: Attempted to access StaticMeshComponent0 via property StaticMeshComponent, but StaticMeshComponent0 is pending kill from function: 'ExecuteUbergraph_Ammo_Blueprint' from node: DestroyComponent in graph: EventGraph in object: Ammo_Blueprint with description: Attempted to access StaticMeshComponent0 via property StaticMeshComponent, but StaticMeshComponent0 is pending kill
[2017.05.15-16.42.24:349][389]LogBlueprintUserMessages: [FirstPersonCharacter_C_0] 83
[2017.05.15-16.42.26:301][622]LogBlueprintUserMessages: [FirstPersonCharacter_C_0] 82
[2017.05.15-16.42.27:316][743]LogBlueprintUserMessages: [FirstPersonCharacter_C_0] 81
[2017.05.15-16.42.28:312][862]LogBlueprintUserMessages: [FirstPersonCharacter_C_0] 80
[2017.05.15-16.42.30:098][ 76]LogBlueprintUserMessages: [FirstPersonCharacter_C_0] 79
[2017.05.15-16.42.37:768][994]LogBlueprintUserMessages: [FirstPersonCharacter_C_0] 78
[2017.05.15-16.42.41:824][480]LogBlueprintUserMessages: [FirstPersonCharacter_C_0] 83
[2017.05.15-16.42.46:114][994]LogBlueprintUserMessages: [FirstPersonCharacter_C_0] 82
[2017.05.15-16.42.50:595][528]LogBlueprintUserMessages: [FirstPersonCharacter_C_0] 81
[2017.05.15-16.44.49:234][727]LogBlueprintUserMessages: [FirstPersonCharacter_C_0] 80
[2017.05.15-16.44.49:888][805]LogBlueprintUserMessages: [FirstPersonCharacter_C_0] 79
[2017.05.15-16.44.50:706][903]LogBlueprintUserMessages: Early EndPlayMap Detection: Level '/Game/FirstPersonBP/Maps/Level1.Level1:PersistentLevel' has LevelScriptBlueprint '/Game/FirstPersonBP/Maps/Level1.Level1:PersistentLevel.Level1' with GeneratedClass '/Game/FirstPersonBP/Maps/Level1.Level1_C' with ClassGeneratedBy '/Game/FirstPersonBP/Maps/Level1.Level1:PersistentLevel.Level1'
[2017.05.15-16.44.50:832][903]LogBlueprintUserMessages: Late EndPlayMap Detection: Level '/Game/FirstPersonBP/Maps/Level1.Level1:PersistentLevel' has LevelScriptBlueprint '/Game/FirstPersonBP/Maps/Level1.Level1:PersistentLevel.Level1' with GeneratedClass '/Game/FirstPersonBP/Maps/Level1.Level1_C' with ClassGeneratedBy '/Game/FirstPersonBP/Maps/Level1.Level1:PersistentLevel.Level1'
[2017.05.15-16.48.04:616][322]LogLinker:Warning: Asset '../../../Engine/Plugins/Marketplace/LowEntryExtStdLib/Content/Blueprints/LowEntryExtendedStandardLibraryMacros.uasset' has been saved with empty engine version. The asset will be loaded but may be incompatible.
[2017.05.15-16.48.05:041][322]LogContentBrowser: Native class hierarchy updated for 'BlueprintGraph' in 0.0015 seconds. Added 112 classes and 0 folders.
[2017.05.15-16.48.06:653][322]LogSlate: Took 0.022006 seconds to synchronously load lazily loaded font '../../../Engine/Content/Editor/Slate/Fonts/Roboto-BoldCondensed.ttf' (158K)
[2017.05.15-16.56.28:480][ 23]LogFileHelpers: Editor autosave (incl. sublevels) for '/Game/FirstPersonBP/Maps/Level1' took 0.046
[2017.05.15-16.56.28:502][ 23]OBJ SavePackage: Generating thumbnails for [0] asset(s) in package [/Game/Dialogue] ([1] browsable assets)...
[2017.05.15-16.56.28:502][ 23]OBJ SavePackage: Finished generating thumbnails for package [/Game/Dialogue]
[2017.05.15-16.56.28:502][ 23]Cmd: OBJ SAVEPACKAGE PACKAGE="/Game/Dialogue" FILE="../../../../../../Users/t.caselli/Downloads/Doom-Like/Saved/Autosaves/Game/Dialogue_Auto1.uasset" SILENT=false AUTOSAVING=true
[2017.05.15-16.56.28:621][ 23]LogSavePackage: Save=25.30ms
[2017.05.15-16.56.28:621][ 23]LogSavePackage: Moving '../../../../../../Users/t.caselli/Downloads/Doom-Like/Saved/Dialogue_Auto1733E8A5A4E50FFF8AA36A49075E9FF44.tmp' to '../../../../../../Users/t.caselli/Downloads/Doom-Like/Saved/Autosaves/Game/Dialogue_Auto1.uasset'
[2017.05.15-16.56.28:622][ 23]LogSavePackage:Display: Finished SavePackage ../../../../../../Users/t.caselli/Downloads/Doom-Like/Saved/Autosaves/Game/Dialogue_Auto1.uasset
[2017.05.15-16.56.28:622][ 23]LogFileHelpers: Auto-saving content packages took 0.141
[2017.05.15-17.02.39:238][390]Cmd: OBJ SAVEPACKAGE PACKAGE="/Game/Dialogue" FILE="../../../../../../Users/t.caselli/Downloads/Doom-Like/Content/Dialogue.uasset" SILENT=true
[2017.05.15-17.02.39:277][390]LogSavePackage: Save=20.10ms
[2017.05.15-17.02.39:278][390]LogSavePackage: Moving '../../../../../../Users/t.caselli/Downloads/Doom-Like/Saved/Dialogue4B99DF4546944F0B1F3AC1939FAFEFC4.tmp' to '../../../../../../Users/t.caselli/Downloads/Doom-Like/Content/Dialogue.uasset'
[2017.05.15-17.02.39:283][390]LogSavePackage:Display: Finished SavePackage ../../../../../../Users/t.caselli/Downloads/Doom-Like/Content/Dialogue.uasset
[2017.05.15-17.03.49:151][271]Cmd: OBJ SAVEPACKAGE PACKAGE="/Game/Dialogue" FILE="../../../../../../Users/t.caselli/Downloads/Doom-Like/Content/Dialogue.uasset" SILENT=true
[2017.05.15-17.03.49:184][271]LogSavePackage: Save=20.14ms
[2017.05.15-17.03.49:184][271]LogSavePackage: Moving '../../../../../../Users/t.caselli/Downloads/Doom-Like/Saved/Dialogue6C4D29124A18513F6FF026BE38AD50FA.tmp' to '../../../../../../Users/t.caselli/Downloads/Doom-Like/Content/Dialogue.uasset'
[2017.05.15-17.03.49:185][271]LogSavePackage:Display: Finished SavePackage ../../../../../../Users/t.caselli/Downloads/Doom-Like/Content/Dialogue.uasset
