Log file open, 05/03/17 14:35:19
LogInit:Display: Running engine for game: DoomLike
LogPlatformFile: Not using cached read wrapper
LogInit:Display: RandInit(-569405470) SRandInit(-569405470).
LogTaskGraph: Started task graph with 5 named threads and 8 total threads with 1 sets of task threads.
LogStats: Stats thread started at 1.598265
LogInit: Using libcurl 7.47.1
LogInit:  - built for x86_64-pc-win32
LogInit:  - supports SSL with OpenSSL/1.0.2g
LogInit:  - supports HTTP deflate (compression) using libz 1.2.8
LogInit:  - other features:
LogInit:      CURL_VERSION_SSL
LogInit:      CURL_VERSION_LIBZ
LogInit:      CURL_VERSION_IPV6
LogInit:      CURL_VERSION_ASYNCHDNS
LogInit:      CURL_VERSION_LARGEFILE
LogInit:      CURL_VERSION_IDN
LogInit:  CurlRequestOptions (configurable via config and command line):
LogInit:  - bVerifyPeer = false  - Libcurl will NOT verify peer certificate
LogInit:  - bUseHttpProxy = false  - Libcurl will NOT use HTTP proxy
LogInit:  - bDontReuseConnections = false  - Libcurl will reuse connections
LogInit:  - CertBundlePath = nullptr  - Libcurl will use whatever was configured at build time.
LogInit: Build: ++UE4+Release-4.15-CL-3299760
LogInit: Engine Version: 4.15.0-3299760+++UE4+Release-4.15
LogInit: Compatible Engine Version: 4.15.0-3299760+++UE4+Release-4.15
LogInit: Net CL: 3299760
LogDevObjectVersion: Number of dev versions registered: 14
LogDevObjectVersion:   Dev-Blueprints (B0D832E4-1F89-4F0D-ACCF-7EB736FD4AA2): 8
LogDevObjectVersion:   Dev-Build (E1C64328-A22C-4D53-A36C-8E866417BD8C): 0
LogDevObjectVersion:   Dev-Core (375EC13C-06E4-48FB-B500-84F0262A717E): 2
LogDevObjectVersion:   Dev-Editor (E4B068ED-F494-42E9-A231-DA0B2E46BB41): 14
LogDevObjectVersion:   Dev-Framework (CFFC743F-43B0-4480-9391-14DF171D2073): 22
LogDevObjectVersion:   Dev-Mobile (B02B49B5-BB20-44E9-A304-32B752E40360): 0
LogDevObjectVersion:   Dev-Networking (A4E4105C-59A1-49B5-A7C5-40C4547EDFEE): 0
LogDevObjectVersion:   Dev-Online (39C831C9-5AE6-47DC-9A44-9C173E1C8E7C): 0
LogDevObjectVersion:   Dev-Physics (78F01B33-EBEA-4F98-B9B4-84EACCB95AA2): 0
LogDevObjectVersion:   Dev-Platform (6631380F-2D4D-43E0-8009-CF276956A95A): 0
LogDevObjectVersion:   Dev-Rendering (12F88B9F-8875-4AFC-A67C-D90C383ABD29): 12
LogDevObjectVersion:   Dev-Sequencer (7B5AE74C-D270-4C10-A958-57980B212A5A): 3
LogDevObjectVersion:   Dev-VR (D7296918-1DD6-4BDD-9DE2-64A83CC13884): 0
LogDevObjectVersion:   Dev-LoadTimes (C2A15278-BFE7-4AFE-6C17-90FF531DF755): 1
LogInit: Compiled (64-bit): Feb 14 2017 02:04:14
LogInit: Compiled with Visual C++: 19.00.23026.00
LogInit: Build Configuration: Development
LogInit: Branch Name: ++UE4+Release-4.15
LogInit: Command line:  
LogInit: Base directory: C:/Program Files/Epic Games/UE_4.15/Engine/Binaries/Win64/
LogInit: Installed Engine Build: 1
LogInit: Presizing for max 8388607 objects, including 0 objects not considered by GC, pre-allocating 0 bytes for permanent pool.
LogInit: Object subsystem initialized
[2017.05.03-12.35.20:875][  0]LogInit: Selected Device Profile: [Windows]
[2017.05.03-12.35.20:875][  0]LogInit: Applying CVar settings loaded from the selected device profile: [Windows]
[2017.05.03-12.35.20:932][  0]LogInit: Computer: K103-5431
[2017.05.03-12.35.20:932][  0]LogInit: User: tcaselli
[2017.05.03-12.35.20:932][  0]LogInit: CPU Page size=65536, Cores=4
[2017.05.03-12.35.20:932][  0]LogInit: High frequency timer resolution =3.515747 MHz
[2017.05.03-12.35.20:932][  0]LogMemory: Memory total: Physical=11.9GB (12GB approx)
[2017.05.03-12.35.20:932][  0]LogMemory: Platform Memory Stats for Windows
[2017.05.03-12.35.20:932][  0]LogMemory: Process Physical Memory: 260.96 MB used, 260.96 MB peak
[2017.05.03-12.35.20:932][  0]LogMemory: Process Virtual Memory: 262.25 MB used, 262.25 MB peak
[2017.05.03-12.35.20:932][  0]LogMemory: Physical Memory: 6342.16 MB used,  5870.13 MB free, 12212.28 MB total
[2017.05.03-12.35.20:932][  0]LogMemory: Virtual Memory: 629.68 MB used,  5870.13 MB free, 134217728.00 MB total
[2017.05.03-12.35.21:483][  0]LogTextLocalizationManager: No translations for ('fr-FR') exist, falling back to 'en' for localization and internationalization data.
[2017.05.03-12.35.27:927][  0]LogD3D11RHI: D3D11 adapters:
[2017.05.03-12.35.27:967][  0]LogD3D11RHI:    0. 'NVIDIA GeForce GTX 660' (Feature Level 11_0)
[2017.05.03-12.35.27:967][  0]LogD3D11RHI:       1984/0/2048 MB DedicatedVideo/DedicatedSystem/SharedSystem, Outputs:1, VendorId:0x10de
[2017.05.03-12.35.27:968][  0]LogD3D11RHI:    1. 'Microsoft Basic Render Driver' (Feature Level 11_0)
[2017.05.03-12.35.27:968][  0]LogD3D11RHI:       0/0/256 MB DedicatedVideo/DedicatedSystem/SharedSystem, Outputs:0, VendorId:0x1414
[2017.05.03-12.35.27:968][  0]LogD3D11RHI: Chosen D3D11 Adapter: 0
[2017.05.03-12.35.27:972][  0]LogD3D11RHI: Creating new Direct3DDevice
[2017.05.03-12.35.27:972][  0]LogD3D11RHI:     GPU DeviceId: 0x11c0 (for the marketing name, search the web for "GPU Device Id")
[2017.05.03-12.35.27:972][  0]LogWindows: EnumDisplayDevices:
[2017.05.03-12.35.27:972][  0]LogWindows:    0. 'NVIDIA GeForce GTX 660' (P:1 D:1)
[2017.05.03-12.35.27:972][  0]LogWindows:    1. 'NVIDIA GeForce GTX 660' (P:0 D:0)
[2017.05.03-12.35.27:972][  0]LogWindows:    2. 'NVIDIA GeForce GTX 660' (P:0 D:0)
[2017.05.03-12.35.27:972][  0]LogWindows:    3. 'NVIDIA GeForce GTX 660' (P:0 D:0)
[2017.05.03-12.35.27:972][  0]LogWindows: DebugString: FoundDriverCount:4 
[2017.05.03-12.35.27:972][  0]LogD3D11RHI:     Adapter Name: NVIDIA GeForce GTX 660
[2017.05.03-12.35.27:972][  0]LogD3D11RHI:   Driver Version: 368.69 (internal:10.18.13.6869, unified:368.69)
[2017.05.03-12.35.27:972][  0]LogD3D11RHI:      Driver Date: 6-29-2016
[2017.05.03-12.35.27:972][  0]LogRHI: Texture pool is 1361 MB (70% of 1945 MB)
[2017.05.03-12.35.27:982][  0]LogD3D11RHI:Warning: Timestamp queries are currently disabled on this hardware due to instability. Realtime GPU stats will not be available. You can override this behaviour by setting r.NVIDIATimestampWorkaround to 0
[2017.05.03-12.35.27:984][  0]LogD3D11RHI: Async texture creation enabled
[2017.05.03-12.35.28:001][  0]LogD3D11RHI: GPU Timing Frequency: 1000.000000 (Debug: 2 2)
[2017.05.03-12.35.28:050][  0]LogShaderCompilers: Guid format shader working directory is -18 characters bigger than the processId version (../../../../../../Users/t.caselli/Documents/Unreal Projects/DoomLike/Intermediate/Shaders/WorkingDirectory/9132/).
[2017.05.03-12.35.28:050][  0]LogShaderCompilers: Cleaned the shader compiler working directory 'C:/Users/t.caselli/AppData/Local/Temp/UnrealShaderWorkingDir/B7BEDC4A47F243E7B1801882D51F1EE2/'.
[2017.05.03-12.35.28:050][  0]LogShaderCompilers:Display: Using Local Shader Compiler.
[2017.05.03-12.35.33:477][  0]LogTemp:Display: Loaded TP AllDesktopTargetPlatform
[2017.05.03-12.35.33:534][  0]LogTemp:Display: Loaded TP MacClientTargetPlatform
[2017.05.03-12.35.33:591][  0]LogTemp:Display: Loaded TP MacNoEditorTargetPlatform
[2017.05.03-12.35.33:668][  0]LogTemp:Display: Loaded TP MacServerTargetPlatform
[2017.05.03-12.35.33:751][  0]LogTemp:Display: Loaded TP MacTargetPlatform
[2017.05.03-12.35.33:819][  0]LogTemp:Display: Loaded TP WindowsClientTargetPlatform
[2017.05.03-12.35.33:876][  0]LogTemp:Display: Loaded TP WindowsNoEditorTargetPlatform
[2017.05.03-12.35.33:932][  0]LogTemp:Display: Loaded TP WindowsServerTargetPlatform
[2017.05.03-12.35.33:978][  0]LogTemp:Display: Loaded TP WindowsTargetPlatform
[2017.05.03-12.35.34:077][  0]LogTemp:Display: Loaded TP AndroidTargetPlatform
[2017.05.03-12.35.34:173][  0]LogTemp:Display: Loaded TP Android_ASTCTargetPlatform
[2017.05.03-12.35.34:234][  0]LogTemp:Display: Loaded TP Android_ATCTargetPlatform
[2017.05.03-12.35.34:291][  0]LogTemp:Display: Loaded TP Android_DXTTargetPlatform
[2017.05.03-12.35.34:347][  0]LogTemp:Display: Loaded TP Android_ETC1TargetPlatform
[2017.05.03-12.35.34:403][  0]LogTemp:Display: Loaded TP Android_ETC2TargetPlatform
[2017.05.03-12.35.34:522][  0]LogTemp:Display: Loaded TP Android_MultiTargetPlatform
[2017.05.03-12.35.34:522][  0]LogTemp:Display: Loaded TP Android_PVRTCTargetPlatform
[2017.05.03-12.35.34:561][  0]LogTemp:Display: Loaded TP HTML5TargetPlatform
[2017.05.03-12.35.34:722][  0]LogTemp:Display: Loaded TP IOSTargetPlatform
[2017.05.03-12.35.34:760][  0]LogTemp:Display: Loaded TP TVOSTargetPlatform
[2017.05.03-12.35.34:818][  0]LogTemp:Display: Loaded TP LinuxClientTargetPlatform
[2017.05.03-12.35.34:880][  0]LogTemp:Display: Loaded TP LinuxNoEditorTargetPlatform
[2017.05.03-12.35.34:935][  0]LogTemp:Display: Loaded TP LinuxServerTargetPlatform
[2017.05.03-12.35.35:008][  0]LogTemp:Display: Loaded TP LinuxTargetPlatform
[2017.05.03-12.35.35:008][  0]LogTargetPlatformManager:Display: Building Assets For Windows
[2017.05.03-12.35.35:882][  0]LogDerivedDataCache:Display: Max Cache Size: 512 MB
[2017.05.03-12.35.36:283][  0]LogDerivedDataCache: Loaded boot cache 0.40s 50MB C:/Users/t.caselli/AppData/Local/UnrealEngine/4.15/DerivedDataCache/Boot.ddc.
[2017.05.03-12.35.36:283][  0]LogDerivedDataCache:Display: Loaded Boot cache: C:/Users/t.caselli/AppData/Local/UnrealEngine/4.15/DerivedDataCache/Boot.ddc
[2017.05.03-12.35.36:283][  0]LogDerivedDataCache: FDerivedDataBackendGraph:  Pak pak cache file ../../../../../../Users/t.caselli/Documents/Unreal Projects/DoomLike/DerivedDataCache/DDC.ddp not found, will not use a pak cache.
[2017.05.03-12.35.36:283][  0]LogDerivedDataCache: Unable to find inner node Pak for hierarchical cache Hierarchy.
[2017.05.03-12.35.36:283][  0]LogDerivedDataCache: FDerivedDataBackendGraph:  CompressedPak pak cache file ../../../../../../Users/t.caselli/Documents/Unreal Projects/DoomLike/DerivedDataCache/Compressed.ddp not found, will not use a pak cache.
[2017.05.03-12.35.36:283][  0]LogDerivedDataCache: Unable to find inner node CompressedPak for hierarchical cache Hierarchy.
[2017.05.03-12.35.36:317][  0]LogDerivedDataCache:Display: Pak cache opened for reading ../../../Engine/DerivedDataCache/Compressed.ddp.
[2017.05.03-12.35.36:329][  0]LogDerivedDataCache: Using Local data cache path C:/Users/t.caselli/AppData/Local/UnrealEngine/Common/DerivedDataCache: Writable
[2017.05.03-12.35.36:349][  0]LogSlate: Using Freetype 2.6.0
[2017.05.03-12.35.36:398][  0]LogSlate: SlateFontCache - WITH_FREETYPE: 1, WITH_HARFBUZZ: 1
[2017.05.03-12.35.36:398][  0]LogSlate: SlateFontCache - WITH_FREETYPE: 1, WITH_HARFBUZZ: 1
[2017.05.03-12.35.43:067][  0]LogInit: Selected Device Profile: [Windows]
[2017.05.03-12.35.43:070][  0]LogContentStreaming: Texture pool size is 0.00 MB
[2017.05.03-12.35.43:362][  0]LogMeshUtilities: Using QuadricMeshReduction for automatic static mesh reduction
[2017.05.03-12.35.43:430][  0]LogSimplygon: Simplygon DLL not present - disabling.
[2017.05.03-12.35.43:501][  0]LogMeshUtilities: Using SimplygonSwarm for distributed automatic mesh merging
[2017.05.03-12.35.43:501][  0]LogMeshUtilities: No automatic skeletal mesh reduction module available
[2017.05.03-12.35.43:501][  0]LogMeshUtilities: No automatic mesh merging module available
[2017.05.03-12.35.44:337][  0]LogNetVersion: GetLocalNetworkVersion: CL: 3299760, ProjectName: doomlike, ProjectVersion: , EngineNetworkVersion: 2, GameNetworkVersion: 0, NetworkChecksum: 1800947715
[2017.05.03-12.35.44:397][  0]LogAssetRegistry: FAssetRegistry took 0.0222 seconds to start up
[2017.05.03-12.35.44:501][  0]LogPackageLocalizationCache: Processed 4 localized package path(s) for 1 prioritized culture(s) in 0.082398 seconds
[2017.05.03-12.35.44:506][  0]LogUObjectArray: 32475 objects as part of root set at end of initial load.
[2017.05.03-12.35.44:506][  0]LogUObjectAllocator: 7073368 out of 0 bytes used by permanent object pool.
[2017.05.03-12.35.44:506][  0]LogUObjectArray: CloseDisregardForGC: 0/0 objects in disregard for GC pool
[2017.05.03-12.35.44:571][  0]LogInit: WinSock: version 1.1 (2.2), MaxSocks=32767, MaxUdp=65467
[2017.05.03-12.36.05:793][  0]LogTcpMessaging: Initializing TcpMessaging bridge
[2017.05.03-12.36.05:845][  0]LogUdpMessaging: Initializing bridge on interface 0.0.0.0:0 to multicast group 230.0.0.1:6666.
[2017.05.03-12.36.06:891][  0]LogMaterial: Uniform references updated for custom material expression Custom.
[2017.05.03-12.36.07:559][  0]SourceControl: Info Source control is disabled
[2017.05.03-12.36.07:560][  0]SourceControl: Info Source control is disabled
[2017.05.03-12.36.07:643][  0]SourceControl: Info Source control is disabled
[2017.05.03-12.36.07:727][  0]SourceControl: Info Source control is disabled
[2017.05.03-12.36.09:802][  0]LogEngine: Initializing Engine...
[2017.05.03-12.36.09:802][  0]LogHMD: Failed to initialize OpenVR with code 110
[2017.05.03-12.36.10:052][  0]LogAIModule: Creating AISystem for world Untitled
[2017.05.03-12.36.10:059][  0]LogInit: XAudio2 using 'Casque (Périphérique High Definition Audio)' : 2 channels at 44.1 kHz using 16 bits per sample (channel mask 0x3)
[2017.05.03-12.36.10:065][  0]LogInit: FAudioDevice initialized.
[2017.05.03-12.36.10:102][  0]LogDerivedDataCache: Saved boot cache 0.04s 50MB C:/Users/t.caselli/AppData/Local/UnrealEngine/4.15/DerivedDataCache/Boot.ddc.
[2017.05.03-12.36.10:118][  0]LogInit: Texture streaming: Enabled
[2017.05.03-12.36.10:310][  0]LogEngineSessionManager: EngineSessionManager initialized
[2017.05.03-12.36.10:722][  0]LogInit: Transaction tracking system initialized
[2017.05.03-12.36.11:139][  0]BlueprintLog: New page: Editor Load
[2017.05.03-12.36.12:487][  0]LocalizationService: Info Localization service is disabled
[2017.05.03-12.36.13:520][  0]LogConsoleResponse:Display: 
[2017.05.03-12.36.14:247][  0]LogCook:Display: Max memory allowance for cook 16384mb min free memory 0mb
[2017.05.03-12.36.14:247][  0]LogCook:Display: Mobile HDR setting 1
[2017.05.03-12.36.14:471][  0]LogFileCache: Scanning file cache for directory 'C:/Users/t.caselli/Documents/Unreal Projects/DoomLike/Content/' took 0.03s
[2017.05.03-12.36.16:397][  0]SourceControl: Info Source control is disabled
[2017.05.03-12.36.16:397][  0]Cmd: MAP LOAD FILE="../../../../../../Users/t.caselli/Documents/Unreal Projects/DoomLike/Content/FirstPersonBP/Maps/FirstPersonExampleMap.umap" TEMPLATE=0 SHOWPROGRESS=1 FEATURELEVEL=3
[2017.05.03-12.36.16:424][  0]LightingResults: New page: Lighting Build
[2017.05.03-12.36.16:464][  0]MapCheck: New page: Map Check
[2017.05.03-12.36.16:464][  0]LightingResults: New page: Lighting Build
[2017.05.03-12.36.19:234][  0]LogAIModule: Creating AISystem for world FirstPersonExampleMap
[2017.05.03-12.36.19:255][  0]LogEditorServer: Finished looking for orphan Actors (0.000 secs)
[2017.05.03-12.36.19:262][  0]Cmd: MAP CHECKDEP NOCLEARLOG
[2017.05.03-12.36.19:314][  0]MapCheck: Info Map check complete: 0 Error(s), 0 Warning(s), took 52.239ms to complete.
[2017.05.03-12.36.19:314][  0]LogFileHelpers: Loading map 'FirstPersonExampleMap' took 2.918
[2017.05.03-12.36.19:681][  0]LogCollectionManager: Loaded 0 collections in 0.009867 seconds
[2017.05.03-12.36.19:759][  0]LogFileCache: Scanning file cache for directory 'C:/Users/t.caselli/Documents/Unreal Projects/DoomLike/Saved/Collections/' took 0.01s
[2017.05.03-12.36.19:759][  0]LogFileCache: Scanning file cache for directory 'C:/Users/t.caselli/Documents/Unreal Projects/DoomLike/Content/Developers/tcaselli/Collections/' took 0.01s
[2017.05.03-12.36.19:759][  0]LogFileCache: Scanning file cache for directory 'C:/Users/t.caselli/Documents/Unreal Projects/DoomLike/Content/Collections/' took 0.01s
[2017.05.03-12.36.19:759][  0]LogCollectionManager: Rebuilt the GUID cache for 0 collections in 0.000002 seconds
[2017.05.03-12.36.19:768][  0]LogContentBrowser: Native class hierarchy populated in 0.0092 seconds. Added 2269 classes and 459 folders.
[2017.05.03-12.36.19:772][  0]LogStats: UGameplayTagsManager::ConstructGameplayTagTree: Construct from data asset -  0.000 s
[2017.05.03-12.36.19:772][  0]LogStats: UGameplayTagsManager::ConstructGameplayTagTree: GameplayTagTreeChangedEvent.Broadcast -  0.000 s
[2017.05.03-12.36.19:833][  0]LogContentBrowser: Native class hierarchy updated for 'WidgetCarousel' in 0.0005 seconds. Added 0 classes and 0 folders.
[2017.05.03-12.36.21:638][  0]LogContentBrowser: Native class hierarchy updated for 'AddContentDialog' in 0.0010 seconds. Added 0 classes and 0 folders.
[2017.05.03-12.36.21:752][  0]LogContentBrowser: Native class hierarchy updated for 'SceneOutliner' in 0.0006 seconds. Added 1 classes and 2 folders.
[2017.05.03-12.36.21:901][  0]LogCrashTracker: Crashtracker disabled due to settings.
[2017.05.03-12.36.21:906][  0]LogUObjectGlobals:Warning: Failed to find object 'Class None.'
[2017.05.03-12.36.21:999][  0]LogContentBrowser: Native class hierarchy updated for 'HierarchicalLODOutliner' in 0.0006 seconds. Added 1 classes and 2 folders.
[2017.05.03-12.36.21:999][  0]LogLoad: (Engine Initialization) Total time: 71.30 seconds
[2017.05.03-12.36.21:999][  0]LogLoad: (Engine Initialization) Total Blueprint compile time: 0.44 seconds
[2017.05.03-12.36.21:999][  0]LogExternalProfiler: Found external profiler: VSPerf
[2017.05.03-12.36.21:999][  0]LogExternalProfiler: Using external profiler: VSPerf
[2017.05.03-12.36.22:348][  0]LogOcInput: OculusInput pre-init called
[2017.05.03-12.36.22:373][  0]LogContentStreaming: Texture pool size now 1000 MB
[2017.05.03-12.36.22:388][  0]LogSlate: Took 0.013357 seconds to synchronously load lazily loaded font '../../../Engine/Content/Slate/Fonts/Roboto-Regular.ttf' (155K)
[2017.05.03-12.36.22:406][  0]LogSlate: Took 0.014647 seconds to synchronously load lazily loaded font '../../../Engine/Content/Slate/Fonts/Roboto-Bold.ttf' (160K)
[2017.05.03-12.36.22:422][  0]LogSlate: Took 0.010015 seconds to synchronously load lazily loaded font '../../../Engine/Content/Editor/Slate/Fonts/FontAwesome.ttf' (139K)
[2017.05.03-12.36.22:690][  0]LogSlate: Took 0.016436 seconds to synchronously load lazily loaded font '../../../Engine/Content/Slate/Fonts/Roboto-Light.ttf' (159K)
[2017.05.03-12.36.22:751][  0]LogRenderer: Reallocating scene render targets to support 1040x556 NumSamples 1 (Frame:2).
[2017.05.03-12.36.23:186][  2]LogAssetRegistry: Asset discovery search completed in 38.8139 seconds
[2017.05.03-12.36.23:186][  2]LogCollectionManager: Rebuilt the object cache for 0 collections in 0.000012 seconds (found 0 objects)
[2017.05.03-12.36.23:186][  2]LogCollectionManager: Fixed up redirectors for 0 collections in 0.000056 seconds (updated 0 objects)
[2017.05.03-12.36.23:519][  3]LogSlate: Took 0.000726 seconds to synchronously load lazily loaded font '../../../Engine/Content/Slate/Fonts/Roboto-Light.ttf' (159K)
[2017.05.03-12.37.22:575][789]LogSlate: Took 0.000288 seconds to synchronously load lazily loaded font '../../../Engine/Content/Slate/Fonts/Roboto-Light.ttf' (159K)
[2017.05.03-12.37.23:458][789]LogSlate: Took 0.000226 seconds to synchronously load lazily loaded font '../../../Engine/Content/Slate/Fonts/Roboto-Regular.ttf' (155K)
[2017.05.03-12.37.25:884][789]LogAIModule: Creating AISystem for world Level1
[2017.05.03-12.37.25:931][789]Cmd: MAP LOAD FILE="../../../../../../Users/t.caselli/Documents/Unreal Projects/DoomLike/Content/FirstPersonBP/Maps/Level1.umap" TEMPLATE=0 SHOWPROGRESS=1 FEATURELEVEL=3
[2017.05.03-12.37.25:931][789]LightingResults: New page: Lighting Build
[2017.05.03-12.37.25:933][789]LoadErrors: New page: Loading map: Level1.umap
[2017.05.03-12.37.25:934][789]MapCheck: New page: Map Check
[2017.05.03-12.37.25:934][789]LightingResults: New page: Lighting Build
[2017.05.03-12.37.25:974][789]LogEditorServer: Finished looking for orphan Actors (0.000 secs)
[2017.05.03-12.37.26:009][789]Cmd: MAP CHECKDEP NOCLEARLOG
[2017.05.03-12.37.26:072][789]MapCheck: Info Map check complete: 0 Error(s), 0 Warning(s), took 62.606ms to complete.
[2017.05.03-12.37.26:072][789]LogFileHelpers: Loading map 'Level1' took 0.142
[2017.05.03-12.39.55:718][ 37]LogLinker:Warning: Asset '../../../Engine/Plugins/Marketplace/LowEntryExtStdLib/Content/Blueprints/LowEntryExtendedStandardLibraryMacros.uasset' has been saved with empty engine version. The asset will be loaded but may be incompatible.
[2017.05.03-12.39.55:875][ 37]LogContentBrowser: Native class hierarchy updated for 'BlueprintGraph' in 0.0010 seconds. Added 112 classes and 0 folders.
[2017.05.03-12.39.56:982][ 37]LogSlate: Took 0.015166 seconds to synchronously load lazily loaded font '../../../Engine/Content/Editor/Slate/Fonts/Roboto-BoldCondensed.ttf' (158K)
[2017.05.03-12.40.39:848][769]LogEditorTransaction: Undo Edit Bottom
[2017.05.03-12.41.34:091][191]LogEditorTransaction: Undo Set Vector Property
[2017.05.03-12.47.22:946][473]LogFileHelpers: Editor autosave (incl. sublevels) for '/Game/FirstPersonBP/Maps/Level1' took 0.028
[2017.05.03-12.47.22:948][473]OBJ SavePackage: Generating thumbnails for [0] asset(s) in package [/Game/Dialogue] ([1] browsable assets)...
[2017.05.03-12.47.22:948][473]OBJ SavePackage: Finished generating thumbnails for package [/Game/Dialogue]
[2017.05.03-12.47.22:948][473]Cmd: OBJ SAVEPACKAGE PACKAGE="/Game/Dialogue" FILE="../../../../../../Users/t.caselli/Documents/Unreal Projects/DoomLike/Saved/Autosaves/Game/Dialogue_Auto1.uasset" SILENT=false AUTOSAVING=true
[2017.05.03-12.47.23:022][473]LogSavePackage: Save=9.22ms
[2017.05.03-12.47.23:022][473]LogSavePackage: Moving '../../../../../../Users/t.caselli/Documents/Unreal Projects/DoomLike/Saved/Dialogue_Auto1E5D09A4B4DD099CAADA77BB55E565EA7.tmp' to '../../../../../../Users/t.caselli/Documents/Unreal Projects/DoomLike/Saved/Autosaves/Game/Dialogue_Auto1.uasset'
[2017.05.03-12.47.23:023][473]LogSavePackage:Display: Finished SavePackage ../../../../../../Users/t.caselli/Documents/Unreal Projects/DoomLike/Saved/Autosaves/Game/Dialogue_Auto1.uasset
[2017.05.03-12.47.23:023][473]LogFileHelpers: Auto-saving content packages took 0.077
[2017.05.03-16.13.43:313][773]Cmd: OBJ SAVEPACKAGE PACKAGE="/Game/Dialogue" FILE="../../../../../../Users/t.caselli/Documents/Unreal Projects/DoomLike/Content/Dialogue.uasset" SILENT=true
[2017.05.03-16.13.52:969][773]LogSavePackage: Save=123.32ms
[2017.05.03-16.13.52:969][773]LogSavePackage: Moving '../../../../../../Users/t.caselli/Documents/Unreal Projects/DoomLike/Saved/DialogueAD0523DF48097EFBD039259101901F88.tmp' to '../../../../../../Users/t.caselli/Documents/Unreal Projects/DoomLike/Content/Dialogue.uasset'
[2017.05.03-16.13.53:045][773]LogSavePackage:Display: Finished SavePackage ../../../../../../Users/t.caselli/Documents/Unreal Projects/DoomLike/Content/Dialogue.uasset
[2017.05.03-16.13.59:318][338]LogWindowsTextInputMethodSystem:Display: IME system now deactivated.
[2017.05.03-16.13.59:772][339]Cmd: QUIT_EDITOR
[2017.05.03-16.14.00:545][339]LogExit: Preparing to exit.
[2017.05.03-16.14.01:087][339]LogDirectoryWatcher: A directory notification for 'C:/Users/t.caselli/Documents/Unreal Projects/DoomLike/Content/' was aborted.
[2017.05.03-16.14.01:259][339]LogExit: Editor shut down
[2017.05.03-16.14.01:259][339]LogExit: Transaction tracking system shut down
[2017.05.03-16.14.02:664][339]LogObj: Freed 0b from 0 cluster array pools.
[2017.05.03-16.14.02:665][339]LogExit: Object subsystem successfully closed.
[2017.05.03-16.14.02:840][339]LogD3D11RHI: Shutdown
[2017.05.03-16.14.02:840][339]LogD3D11RHI: CleanupD3DDevice
[2017.05.03-16.14.03:026][339]LogD3D11RHI: ~FD3D11DynamicRHI
[2017.05.03-16.14.03:738][339]LogModuleManager: Shutting down and abandoning module SequencerWidgets (506)
[2017.05.03-16.14.03:738][339]LogModuleManager: Shutting down and abandoning module BlueprintGraph (504)
[2017.05.03-16.14.03:738][339]LogModuleManager: Shutting down and abandoning module BlueprintProfiler (502)
[2017.05.03-16.14.03:753][339]LogModuleManager: Shutting down and abandoning module HierarchicalLODOutliner (500)
[2017.05.03-16.14.03:758][339]LogModuleManager: Shutting down and abandoning module CrashTracker (498)
[2017.05.03-16.14.03:758][339]LogModuleManager: Shutting down and abandoning module SceneOutliner (496)
[2017.05.03-16.14.03:758][339]LogModuleManager: Shutting down and abandoning module AddContentDialog (494)
[2017.05.03-16.14.03:762][339]LogDirectoryWatcher: A directory notification for 'C:/Program Files/Epic Games/UE_4.15/FeaturePacks/' was aborted.
[2017.05.03-16.14.03:773][339]LogModuleManager: Shutting down and abandoning module WidgetCarousel (493)
[2017.05.03-16.14.03:773][339]LogModuleManager: Shutting down and abandoning module EditorWidgets (490)
[2017.05.03-16.14.03:773][339]LogModuleManager: Shutting down and abandoning module CollectionManager (488)
[2017.05.03-16.14.03:779][339]LogDirectoryWatcher: A directory notification for 'C:/Users/t.caselli/Documents/Unreal Projects/DoomLike/Content/Collections/' was aborted.
[2017.05.03-16.14.03:779][339]LogDirectoryWatcher: A directory notification for 'C:/Users/t.caselli/Documents/Unreal Projects/DoomLike/Content/Developers/tcaselli/Collections/' was aborted.
[2017.05.03-16.14.03:779][339]LogDirectoryWatcher: A directory notification for 'C:/Users/t.caselli/Documents/Unreal Projects/DoomLike/Saved/Collections/' was aborted.
[2017.05.03-16.14.03:779][339]LogModuleManager: Shutting down and abandoning module StatsViewer (486)
[2017.05.03-16.14.03:791][339]LogModuleManager: Shutting down and abandoning module FoliageEdit (484)
[2017.05.03-16.14.03:791][339]LogModuleManager: Shutting down and abandoning module LandscapeEditor (482)
[2017.05.03-16.14.03:800][339]LogModuleManager: Shutting down and abandoning module SceneDepthPickerMode (480)
[2017.05.03-16.14.03:800][339]LogModuleManager: Shutting down and abandoning module ActorPickerMode (478)
[2017.05.03-16.14.03:800][339]LogModuleManager: Shutting down and abandoning module GeometryMode (476)
[2017.05.03-16.14.03:800][339]LogModuleManager: Shutting down and abandoning module TextureAlignMode (474)
[2017.05.03-16.14.03:800][339]LogModuleManager: Shutting down and abandoning module BspMode (472)
[2017.05.03-16.14.03:811][339]LogModuleManager: Shutting down and abandoning module HardwareSurvey (470)
[2017.05.03-16.14.03:827][339]LogModuleManager: Shutting down and abandoning module SequenceRecorderSections (468)
[2017.05.03-16.14.03:836][339]LogModuleManager: Shutting down and abandoning module AutomationWorker (466)
[2017.05.03-16.14.03:846][339]LogModuleManager: Shutting down and abandoning module MatineeToLevelSequence (464)
[2017.05.03-16.14.03:852][339]LogModuleManager: Shutting down and abandoning module LevelSequenceEditor (462)
[2017.05.03-16.14.03:884][339]LogModuleManager: Shutting down and abandoning module PlacementMode (461)
[2017.05.03-16.14.03:884][339]LogModuleManager: Shutting down and abandoning module WmfMediaFactory (458)
[2017.05.03-16.14.03:884][339]LogModuleManager: Shutting down and abandoning module WmfMediaEditor (456)
[2017.05.03-16.14.03:884][339]LogModuleManager: Shutting down and abandoning module MfMediaFactory (454)
[2017.05.03-16.14.03:884][339]LogModuleManager: Shutting down and abandoning module MfMediaEditor (452)
[2017.05.03-16.14.03:884][339]LogModuleManager: Shutting down and abandoning module AvfMediaFactory (450)
[2017.05.03-16.14.03:884][339]LogModuleManager: Shutting down and abandoning module AvfMediaEditor (448)
[2017.05.03-16.14.03:884][339]LogModuleManager: Shutting down and abandoning module AndroidMediaFactory (446)
[2017.05.03-16.14.03:884][339]LogModuleManager: Shutting down and abandoning module Media (445)
[2017.05.03-16.14.03:884][339]LogModuleManager: Shutting down and abandoning module AndroidMediaEditor (442)
[2017.05.03-16.14.03:885][339]LogModuleManager: Shutting down and abandoning module CharacterAI (440)
[2017.05.03-16.14.03:885][339]LogModuleManager: Shutting down and abandoning module AudioCapture (438)
[2017.05.03-16.14.03:896][339]LogModuleManager: Shutting down and abandoning module SequenceRecorder (437)
[2017.05.03-16.14.03:915][339]LogModuleManager: Shutting down and abandoning module SmartSnapping (434)
[2017.05.03-16.14.03:916][339]LogModuleManager: Shutting down and abandoning module SessionServices (432)
[2017.05.03-16.14.03:916][339]LogModuleManager: Shutting down and abandoning module ViewportSnapping (430)
[2017.05.03-16.14.03:916][339]LogModuleManager: Shutting down and abandoning module ViewportInteraction (428)
[2017.05.03-16.14.03:916][339]LogModuleManager: Shutting down and abandoning module LogVisualizer (426)
[2017.05.03-16.14.03:935][339]LogModuleManager: Shutting down and abandoning module IntroTutorials (424)
[2017.05.03-16.14.03:942][339]LogModuleManager: Shutting down and abandoning module GameProjectGeneration (423)
[2017.05.03-16.14.03:956][339]LogModuleManager: Shutting down and abandoning module EditorLiveStreaming (420)
[2017.05.03-16.14.03:956][339]LogModuleManager: Shutting down and abandoning module IOSPlatformEditor (418)
[2017.05.03-16.14.03:957][339]LogModuleManager: Shutting down and abandoning module HTML5PlatformEditor (416)
[2017.05.03-16.14.03:957][339]LogModuleManager: Shutting down and abandoning module AndroidPlatformEditor (414)
[2017.05.03-16.14.03:970][339]LogModuleManager: Shutting down and abandoning module AndroidDeviceDetection (413)
[2017.05.03-16.14.04:193][339]LogModuleManager: Shutting down and abandoning module IOSRuntimeSettings (410)
[2017.05.03-16.14.04:193][339]LogModuleManager: Shutting down and abandoning module AndroidRuntimeSettings (408)
[2017.05.03-16.14.04:193][339]LogModuleManager: Shutting down and abandoning module InputBindingEditor (406)
[2017.05.03-16.14.04:351][339]LogModuleManager: Shutting down and abandoning module NiagaraEditor (404)
[2017.05.03-16.14.04:375][339]LogModuleManager: Shutting down and abandoning module MergeActors (402)
[2017.05.03-16.14.04:389][339]LogModuleManager: Shutting down and abandoning module SizeMap (400)
[2017.05.03-16.14.04:398][339]LogModuleManager: Shutting down and abandoning module TreeMap (398)
[2017.05.03-16.14.04:413][339]LogModuleManager: Shutting down and abandoning module ReferenceViewer (396)
[2017.05.03-16.14.04:413][339]LogModuleManager: Shutting down and abandoning module LocalizationDashboard (394)
[2017.05.03-16.14.04:425][339]LogModuleManager: Shutting down and abandoning module LocalizationService (393)
[2017.05.03-16.14.04:442][339]LogModuleManager: Shutting down and abandoning module HardwareTargeting (390)
[2017.05.03-16.14.04:448][339]LogModuleManager: Shutting down and abandoning module DeviceProfileEditor (388)
[2017.05.03-16.14.04:453][339]LogModuleManager: Shutting down and abandoning module UndoHistory (386)
[2017.05.03-16.14.04:464][339]LogModuleManager: Shutting down and abandoning module UserFeedback (384)
[2017.05.03-16.14.04:464][339]LogModuleManager: Shutting down and abandoning module XmlParser (382)
[2017.05.03-16.14.04:477][339]LogModuleManager: Shutting down and abandoning module Blutility (380)
[2017.05.03-16.14.04:478][339]LogModuleManager: Shutting down and abandoning module ProjectSettingsViewer (378)
[2017.05.03-16.14.04:478][339]LogModuleManager: Shutting down and abandoning module ProjectTargetPlatformEditor (377)
[2017.05.03-16.14.04:478][339]LogModuleManager: Shutting down and abandoning module EditorSettingsViewer (374)
[2017.05.03-16.14.04:478][339]LogModuleManager: Shutting down and abandoning module SettingsEditor (372)
[2017.05.03-16.14.04:540][339]LogModuleManager: Shutting down and abandoning module ProjectLauncher (370)
[2017.05.03-16.14.04:547][339]LogModuleManager: Shutting down and abandoning module SessionFrontend (368)
[2017.05.03-16.14.04:554][339]LogModuleManager: Shutting down and abandoning module ProfilerClient (366)
[2017.05.03-16.14.04:572][339]LogModuleManager: Shutting down and abandoning module DeviceManager (364)
[2017.05.03-16.14.04:595][339]LogModuleManager: Shutting down and abandoning module TargetDeviceServices (363)
[2017.05.03-16.14.04:637][339]LogModuleManager: Shutting down and abandoning module AutomationController (360)
[2017.05.03-16.14.04:660][339]LogModuleManager: Shutting down and abandoning module AutomationWindow (358)
[2017.05.03-16.14.04:680][339]LogModuleManager: Shutting down and abandoning module Layers (356)
[2017.05.03-16.14.04:696][339]LogModuleManager: Shutting down and abandoning module ComponentVisualizers (354)
[2017.05.03-16.14.04:696][339]LogModuleManager: Shutting down and abandoning module DetailCustomizations (352)
[2017.05.03-16.14.04:708][339]LogModuleManager: Shutting down and abandoning module PackagesDialog (350)
[2017.05.03-16.14.04:709][339]LogModuleManager: Shutting down and abandoning module Persona (348)
[2017.05.03-16.14.04:725][339]LogModuleManager: Shutting down and abandoning module AnimGraph (347)
[2017.05.03-16.14.04:725][339]LogModuleManager: Shutting down and abandoning module Kismet (344)
[2017.05.03-16.14.04:748][339]LogModuleManager: Shutting down and abandoning module GraphEditor (342)
[2017.05.03-16.14.04:757][339]LogModuleManager: Shutting down and abandoning module ClassViewer (340)
[2017.05.03-16.14.04:769][339]LogModuleManager: Shutting down and abandoning module Toolbox (338)
[2017.05.03-16.14.04:777][339]LogModuleManager: Shutting down and abandoning module ModuleUI (336)
[2017.05.03-16.14.04:786][339]LogModuleManager: Shutting down and abandoning module MovieSceneTools (334)
[2017.05.03-16.14.04:793][339]LogModuleManager: Shutting down and abandoning module OutputLog (332)
[2017.05.03-16.14.04:799][339]LogModuleManager: Shutting down and abandoning module GammaUI (330)
[2017.05.03-16.14.04:806][339]LogModuleManager: Shutting down and abandoning module Documentation (328)
[2017.05.03-16.14.04:806][339]LogModuleManager: Shutting down and abandoning module Niagara (326)
[2017.05.03-16.14.04:806][339]LogModuleManager: Shutting down and abandoning module StreamingPauseRendering (324)
[2017.05.03-16.14.04:806][339]LogModuleManager: Shutting down and abandoning module AnalyticsET (322)
[2017.05.03-16.14.04:806][339]LogModuleManager: Shutting down and abandoning module PortalServices (320)
[2017.05.03-16.14.04:806][339]LogModuleManager: Shutting down and abandoning module PortalRpc (318)
[2017.05.03-16.14.04:806][339]LogModuleManager: Shutting down and abandoning module MessagingRpc (316)
[2017.05.03-16.14.04:806][339]LogModuleManager: Shutting down and abandoning module AIModule (314)
[2017.05.03-16.14.04:806][339]LogModuleManager: Shutting down and abandoning module GameplayDebugger (313)
[2017.05.03-16.14.04:814][339]LogModuleManager: Shutting down and abandoning module AITestSuite (311)
[2017.05.03-16.14.04:814][339]LogModuleManager: Shutting down and abandoning module ProfilerService (308)
[2017.05.03-16.14.04:961][339]LogModuleManager: Shutting down and abandoning module TaskGraph (306)
[2017.05.03-16.14.05:095][339]LogModuleManager: Shutting down and abandoning module SteamVRController (304)
[2017.05.03-16.14.05:095][339]LogModuleManager: Shutting down and abandoning module SteamVR (302)
[2017.05.03-16.14.05:095][339]LogModuleManager: Shutting down and abandoning module ProceduralMeshComponentEditor (300)
[2017.05.03-16.14.05:095][339]LogModuleManager: Shutting down and abandoning module ProceduralMeshComponent (298)
[2017.05.03-16.14.05:101][339]LogModuleManager: Shutting down and abandoning module OculusLibrary (296)
[2017.05.03-16.14.05:102][339]LogModuleManager: Shutting down and abandoning module OculusInput (294)
[2017.05.03-16.14.05:102][339]LogModuleManager: Shutting down and abandoning module MobilePatchingUtils (292)
[2017.05.03-16.14.05:102][339]LogModuleManager: Shutting down and abandoning module CustomMeshComponent (290)
[2017.05.03-16.14.05:102][339]LogModuleManager: Shutting down and abandoning module CableComponent (288)
[2017.05.03-16.14.05:113][339]LogModuleManager: Shutting down and abandoning module ArchVisCharacter (286)
[2017.05.03-16.14.05:113][339]LogModuleManager: Shutting down and abandoning module MediaPlayerEditor (282)
[2017.05.03-16.14.05:140][339]LogModuleManager: Shutting down and abandoning module LowEntryExtendedStandardLibraryEditor (280)
[2017.05.03-16.14.05:140][339]LogModuleManager: Shutting down and abandoning module HTML5Networking (278)
[2017.05.03-16.14.05:140][339]LogModuleManager: Shutting down and abandoning module AlembicImporter (276)
[2017.05.03-16.14.05:153][339]LogModuleManager: Shutting down and abandoning module AlembicLibrary (275)
[2017.05.03-16.14.05:153][339]LogModuleManager: Shutting down and abandoning module GeometryCache (274)
[2017.05.03-16.14.05:158][339]LogModuleManager: Shutting down and abandoning module GeometryCacheEd (273)
[2017.05.03-16.14.05:158][339]LogModuleManager: Shutting down and abandoning module SuperSearchEditor (268)
[2017.05.03-16.14.05:158][339]LogModuleManager: Shutting down and abandoning module SuperSearch (267)
[2017.05.03-16.14.05:158][339]LogModuleManager: Shutting down and abandoning module SpeedTreeImporter (264)
[2017.05.03-16.14.05:158][339]LogModuleManager: Shutting down and abandoning module PluginBrowser (262)
[2017.05.03-16.14.05:179][339]LogModuleManager: Shutting down and abandoning module MobileLauncherProfileWizard (260)
[2017.05.03-16.14.05:190][339]LogModuleManager: Shutting down and abandoning module EpicSurvey (258)
[2017.05.03-16.14.05:191][339]LogModuleManager: Shutting down and abandoning module VisualStudioSourceCodeAccess (256)
[2017.05.03-16.14.05:191][339]LogModuleManager: Shutting down and abandoning module DesktopPlatform (255)
[2017.05.03-16.14.05:191][339]LogModuleManager: Shutting down and abandoning module UObjectPlugin (252)
[2017.05.03-16.14.05:191][339]LogModuleManager: Shutting down and abandoning module SubversionSourceControl (250)
[2017.05.03-16.14.05:197][339]LogModuleManager: Shutting down and abandoning module PerforceSourceControl (248)
[2017.05.03-16.14.05:208][339]LogModuleManager: Shutting down and abandoning module GitSourceControl (246)
[2017.05.03-16.14.05:221][339]LogModuleManager: Shutting down and abandoning module SourceControl (245)
[2017.05.03-16.14.05:229][339]LogModuleManager: Shutting down and abandoning module LightPropagationVolumeEditor (242)
[2017.05.03-16.14.05:229][339]LogModuleManager: Shutting down and abandoning module PaperTiledImporter (240)
[2017.05.03-16.14.05:229][339]LogModuleManager: Shutting down and abandoning module PaperSpriteSheetImporter (238)
[2017.05.03-16.14.05:229][339]LogModuleManager: Shutting down and abandoning module Paper2DEditor (236)
[2017.05.03-16.14.05:246][339]LogModuleManager: Shutting down and abandoning module MeshPaint (235)
[2017.05.03-16.14.05:253][339]LogModuleManager: Shutting down and abandoning module LevelEditor (233)
[2017.05.03-16.14.05:267][339]LogModuleManager: Shutting down and abandoning module PixelInspectorModule (232)
[2017.05.03-16.14.05:282][339]LogModuleManager: Shutting down and abandoning module MainFrame (230)
[2017.05.03-16.14.05:282][339]LogModuleManager: Shutting down and abandoning module HotReload (229)
[2017.05.03-16.14.05:310][339]LogModuleManager: Shutting down and abandoning module ContentBrowser (225)
[2017.05.03-16.14.05:312][339]LogModuleManager: Shutting down and abandoning module PhysXVehiclesEditor (222)
[2017.05.03-16.14.05:326][339]LogModuleManager: Shutting down and abandoning module PhysXVehicles (220)
[2017.05.03-16.14.05:326][339]LogModuleManager: Shutting down and abandoning module LocationServicesBPLibrary (218)
[2017.05.03-16.14.05:326][339]LogModuleManager: Shutting down and abandoning module UdpMessaging (216)
[2017.05.03-16.14.05:427][339]LogModuleManager: Shutting down and abandoning module TcpMessaging (214)
[2017.05.03-16.14.05:566][339]LogModuleManager: Shutting down and abandoning module LowEntryExtendedStandardLibrary (212)
[2017.05.03-16.14.05:566][339]LogModuleManager: Shutting down and abandoning module GameplayTagsEditor (210)
[2017.05.03-16.14.05:629][339]LogModuleManager: Shutting down and abandoning module FacialAnimationEditor (208)
[2017.05.03-16.14.05:638][339]LogModuleManager: Shutting down and abandoning module FacialAnimation (206)
[2017.05.03-16.14.05:638][339]LogModuleManager: Shutting down and abandoning module LightPropagationVolumeRuntime (204)
[2017.05.03-16.14.05:638][339]LogModuleManager: Shutting down and abandoning module Paper2D (202)
[2017.05.03-16.14.05:648][339]LogModuleManager: Shutting down and abandoning module WindowsMoviePlayer (200)
[2017.05.03-16.14.05:659][339]LogModuleManager: Shutting down and abandoning module WmfMedia (198)
[2017.05.03-16.14.05:687][339]LogModuleManager: Shutting down and abandoning module MfMedia (196)
[2017.05.03-16.14.05:687][339]LogModuleManager: Shutting down and abandoning module MediaAssets (194)
[2017.05.03-16.14.05:687][339]LogModuleManager: Shutting down and abandoning module GameLiveStreaming (192)
[2017.05.03-16.14.05:695][339]LogModuleManager: Shutting down and abandoning module VREditor (190)
[2017.05.03-16.14.05:695][339]LogModuleManager: Shutting down and abandoning module GameplayTasksEditor (188)
[2017.05.03-16.14.05:695][339]LogModuleManager: Shutting down and abandoning module BehaviorTreeEditor (186)
[2017.05.03-16.14.05:737][339]LogModuleManager: Shutting down and abandoning module FunctionalTesting (184)
[2017.05.03-16.14.05:737][339]LogModuleManager: Shutting down and abandoning module CollisionAnalyzer (182)
[2017.05.03-16.14.05:753][339]LogModuleManager: Shutting down and abandoning module UMG (180)
[2017.05.03-16.14.05:762][339]LogModuleManager: Shutting down and abandoning module UMGEditor (179)
[2017.05.03-16.14.05:762][339]LogModuleManager: Shutting down and abandoning module Sequencer (178)
[2017.05.03-16.14.05:762][339]LogModuleManager: Shutting down and abandoning module AssetTools (176)
[2017.05.03-16.14.05:803][339]LogModuleManager: Shutting down and abandoning module MessageLog (175)
[2017.05.03-16.14.05:803][339]LogModuleManager: Shutting down and abandoning module WorkspaceMenuStructure (174)
[2017.05.03-16.14.05:803][339]LogModuleManager: Shutting down and abandoning module SlateReflector (168)
[2017.05.03-16.14.05:816][339]LogModuleManager: Shutting down and abandoning module Slate (166)
[2017.05.03-16.14.05:816][339]LogModuleManager: Shutting down and abandoning module EditorStyle (164)
[2017.05.03-16.14.05:823][339]LogModuleManager: Shutting down and abandoning module SourceCodeAccess (162)
[2017.05.03-16.14.05:826][339]LogModuleManager: Shutting down and abandoning module HeadMountedDisplay (160)
[2017.05.03-16.14.05:826][339]LogModuleManager: Shutting down and abandoning module XAudio2 (158)
[2017.05.03-16.14.05:826][339]LogModuleManager: Shutting down and abandoning module Networking (156)
[2017.05.03-16.14.05:826][339]LogModuleManager: Shutting down and abandoning module Core (152)
[2017.05.03-16.14.05:826][339]LogModuleManager: Shutting down and abandoning module AssetRegistry (150)
[2017.05.03-16.14.06:321][339]LogDirectoryWatcher: A directory notification for '../../../Engine/Content/' was aborted.
[2017.05.03-16.14.06:322][339]LogDirectoryWatcher: A directory notification for '../../../../../../Users/t.caselli/Documents/Unreal Projects/DoomLike/Content/' was aborted.
[2017.05.03-16.14.06:322][339]LogDirectoryWatcher: A directory notification for '../../../Engine/Plugins/2D/Paper2D/Content/' was aborted.
[2017.05.03-16.14.06:322][339]LogDirectoryWatcher: A directory notification for '../../../Engine/Plugins/Marketplace/LowEntryExtStdLib/Content/' was aborted.
[2017.05.03-16.14.06:339][339]LogModuleManager: Shutting down and abandoning module DirectoryWatcher (149)
[2017.05.03-16.14.06:341][339]LogModuleManager: Shutting down and abandoning module KismetCompiler (146)
[2017.05.03-16.14.06:341][339]LogModuleManager: Shutting down and abandoning module PhysXFormats (144)
[2017.05.03-16.14.06:341][339]LogModuleManager: Shutting down and abandoning module MeshUtilities (142)
[2017.05.03-16.14.06:355][339]LogModuleManager: Shutting down and abandoning module SimplygonSwarm (141)
[2017.05.03-16.14.06:364][339]LogModuleManager: Shutting down and abandoning module SimplygonMeshReduction (139)
[2017.05.03-16.14.06:364][339]LogModuleManager: Shutting down and abandoning module QuadricMeshReduction (137)
[2017.05.03-16.14.06:370][339]LogModuleManager: Shutting down and abandoning module PropertyEditor (135)
[2017.05.03-16.14.06:380][339]LogModuleManager: Shutting down and abandoning module DerivedDataCache (132)
[2017.05.03-16.14.06:442][339]LogDerivedDataCache: Shutdown
[2017.05.03-16.14.06:442][339]LogModuleManager: Shutting down and abandoning module TargetPlatform (130)
[2017.05.03-16.14.06:442][339]LogModuleManager: Shutting down and abandoning module VulkanShaderFormat (129)
[2017.05.03-16.14.06:559][339]LogModuleManager: Shutting down and abandoning module ShaderFormatOpenGL (127)
[2017.05.03-16.14.06:569][339]LogModuleManager: Shutting down and abandoning module ShaderFormatD3D (125)
[2017.05.03-16.14.06:580][339]LogModuleManager: Shutting down and abandoning module MetalShaderFormat (123)
[2017.05.03-16.14.06:592][339]LogModuleManager: Shutting down and abandoning module TextureFormatUncompressed (121)
[2017.05.03-16.14.06:592][339]LogModuleManager: Shutting down and abandoning module TextureFormatPVR (119)
[2017.05.03-16.14.06:592][339]LogModuleManager: Shutting down and abandoning module TextureFormatDXT (117)
[2017.05.03-16.14.06:600][339]LogModuleManager: Shutting down and abandoning module TextureFormatIntelISPCTexComp (115)
[2017.05.03-16.14.06:609][339]LogModuleManager: Shutting down and abandoning module TextureFormatASTC (113)
[2017.05.03-16.14.06:609][339]LogModuleManager: Shutting down and abandoning module ImageWrapper (112)
[2017.05.03-16.14.06:609][339]LogModuleManager: Shutting down and abandoning module TextureFormatAndroid (109)
[2017.05.03-16.14.06:609][339]LogModuleManager: Shutting down and abandoning module AudioFormatOpus (107)
[2017.05.03-16.14.06:618][339]LogModuleManager: Shutting down and abandoning module AudioFormatOgg (105)
[2017.05.03-16.14.06:618][339]LogModuleManager: Shutting down and abandoning module AudioFormatADPCM (103)
[2017.05.03-16.14.06:618][339]LogModuleManager: Shutting down and abandoning module LinuxTargetPlatform (101)
[2017.05.03-16.14.06:618][339]LogModuleManager: Shutting down and abandoning module LinuxServerTargetPlatform (99)
[2017.05.03-16.14.06:618][339]LogModuleManager: Shutting down and abandoning module LinuxNoEditorTargetPlatform (97)
[2017.05.03-16.14.06:618][339]LogModuleManager: Shutting down and abandoning module LinuxClientTargetPlatform (95)
[2017.05.03-16.14.06:618][339]LogModuleManager: Shutting down and abandoning module TVOSTargetPlatform (93)
[2017.05.03-16.14.06:618][339]LogModuleManager: Shutting down and abandoning module Messaging (91)
[2017.05.03-16.14.06:618][339]LogModuleManager: Shutting down and abandoning module IOSTargetPlatform (89)
[2017.05.03-16.14.06:618][339]LogModuleManager: Shutting down and abandoning module HTML5TargetPlatform (87)
[2017.05.03-16.14.06:618][339]LogModuleManager: Shutting down and abandoning module Android_PVRTCTargetPlatform (85)
[2017.05.03-16.14.06:618][339]LogModuleManager: Shutting down and abandoning module Android_MultiTargetPlatform (83)
[2017.05.03-16.14.06:618][339]LogModuleManager: Shutting down and abandoning module Android_ETC2TargetPlatform (81)
[2017.05.03-16.14.06:618][339]LogModuleManager: Shutting down and abandoning module Android_ETC1TargetPlatform (79)
[2017.05.03-16.14.06:618][339]LogModuleManager: Shutting down and abandoning module Android_DXTTargetPlatform (77)
[2017.05.03-16.14.06:618][339]LogModuleManager: Shutting down and abandoning module Android_ATCTargetPlatform (75)
[2017.05.03-16.14.06:618][339]LogModuleManager: Shutting down and abandoning module Android_ASTCTargetPlatform (73)
[2017.05.03-16.14.06:618][339]LogModuleManager: Shutting down and abandoning module AndroidTargetPlatform (71)
[2017.05.03-16.14.06:618][339]LogModuleManager: Shutting down and abandoning module WindowsTargetPlatform (69)
[2017.05.03-16.14.06:618][339]LogModuleManager: Shutting down and abandoning module WindowsServerTargetPlatform (67)
[2017.05.03-16.14.06:618][339]LogModuleManager: Shutting down and abandoning module WindowsNoEditorTargetPlatform (65)
[2017.05.03-16.14.06:618][339]LogModuleManager: Shutting down and abandoning module WindowsClientTargetPlatform (63)
[2017.05.03-16.14.06:618][339]LogModuleManager: Shutting down and abandoning module MacTargetPlatform (61)
[2017.05.03-16.14.06:618][339]LogModuleManager: Shutting down and abandoning module MacServerTargetPlatform (59)
[2017.05.03-16.14.06:618][339]LogModuleManager: Shutting down and abandoning module MacNoEditorTargetPlatform (57)
[2017.05.03-16.14.06:618][339]LogModuleManager: Shutting down and abandoning module MacClientTargetPlatform (55)
[2017.05.03-16.14.06:618][339]LogModuleManager: Shutting down and abandoning module AllDesktopTargetPlatform (53)
[2017.05.03-16.14.06:618][339]LogModuleManager: Shutting down and abandoning module InputCore (50)
[2017.05.03-16.14.06:618][339]LogModuleManager: Shutting down and abandoning module Settings (48)
[2017.05.03-16.14.06:618][339]LogModuleManager: Shutting down and abandoning module OculusRift (46)
[2017.05.03-16.14.06:618][339]LogModuleManager: Shutting down and abandoning module ExampleDeviceProfileSelector (44)
[2017.05.03-16.14.06:618][339]LogModuleManager: Shutting down and abandoning module OnlineBlueprintSupport (42)
[2017.05.03-16.14.06:618][339]LogModuleManager: Shutting down and abandoning module OnlineSubsystem (38)
[2017.05.03-16.14.06:618][339]LogOnline:Display: Unloading online subsystem: NULL
[2017.05.03-16.14.06:648][339]LogModuleManager: Shutting down and abandoning module XMPP (37)
[2017.05.03-16.14.06:666][339]LogModuleManager: Shutting down and abandoning module HTTP (35)
[2017.05.03-16.14.06:669][339]LogHttp:Display: Http module shutting down, but needs to wait on 1 outstanding Http requests:
[2017.05.03-16.14.06:669][339]LogHttp:Display: 	verb=[POST] url=[https://datarouter.ol.epicgames.com/datarouter/api/v1/public/data?SessionID=%7BF9E18F0B-4F6A-A2DC-04C8-EDB68C755212%7D&AppID=UEEditor.Rocket.Release&AppVersion=4.15.0-3299760%2B%2B%2BUE4%2BRelease-4.15&UserID=98a77b964a127fc5c7518eb3c1be3726%7Ced06b6efbe81452fa1654f16388cf4b5%7Cf13fa4c9-d113-4333-a52d-084e4a338654&AppEnvironment=datacollector-binary&UploadType=eteventstream] status=Processing
[2017.05.03-16.14.06:686][339]LogModuleManager: Shutting down and abandoning module SSL (34)
[2017.05.03-16.14.06:694][339]LogModuleManager: Shutting down and abandoning module AudioEditor (30)
[2017.05.03-16.14.06:704][339]LogModuleManager: Shutting down and abandoning module TextureCompressor (28)
[2017.05.03-16.14.06:718][339]LogModuleManager: Shutting down and abandoning module ShaderCore (26)
[2017.05.03-16.14.06:718][339]LogModuleManager: Shutting down and abandoning module Landscape (24)
[2017.05.03-16.14.06:718][339]LogModuleManager: Shutting down and abandoning module SlateRHIRenderer (22)
[2017.05.03-16.14.06:738][339]LogModuleManager: Shutting down and abandoning module OpenGLDrv (20)
[2017.05.03-16.14.06:746][339]LogModuleManager: Shutting down and abandoning module D3D11RHI (18)
[2017.05.03-16.14.06:746][339]LogModuleManager: Shutting down and abandoning module AnimGraphRuntime (16)
[2017.05.03-16.14.06:754][339]LogModuleManager: Shutting down and abandoning module Renderer (14)
[2017.05.03-16.14.06:755][339]LogModuleManager: Shutting down and abandoning module Engine (12)
[2017.05.03-16.14.06:755][339]LogModuleManager: Shutting down and abandoning module CoreUObject (10)
[2017.05.03-16.14.06:755][339]LogModuleManager: Shutting down and abandoning module NetworkFile (8)
[2017.05.03-16.14.06:770][339]LogModuleManager: Shutting down and abandoning module StreamingFile (6)
[2017.05.03-16.14.06:780][339]LogModuleManager: Shutting down and abandoning module SandboxFile (4)
[2017.05.03-16.14.06:780][339]LogModuleManager: Shutting down and abandoning module PakFile (2)
[2017.05.03-16.14.06:798][339]LogExit: Exiting.
[2017.05.03-16.14.06:802][339]Log file closed, 05/03/17 18:14:06
