Log file open, 05/05/17 09:29:16
LogInit:Display: Running engine for game: DoomLike
LogPlatformFile: Not using cached read wrapper
LogInit:Display: RandInit(1273035233) SRandInit(1273035233).
LogTaskGraph: Started task graph with 5 named threads and 8 total threads with 1 sets of task threads.
LogStats: Stats thread started at 0.138734
LogInit: Using libcurl 7.47.1
LogInit:  - built for x86_64-pc-win32
LogInit:  - supports SSL with OpenSSL/1.0.2g
LogInit:  - supports HTTP deflate (compression) using libz 1.2.8
LogInit:  - other features:
LogInit:      CURL_VERSION_SSL
LogInit:      CURL_VERSION_LIBZ
LogInit:      CURL_VERSION_IPV6
LogInit:      CURL_VERSION_ASYNCHDNS
LogInit:      CURL_VERSION_LARGEFILE
LogInit:      CURL_VERSION_IDN
LogInit:  CurlRequestOptions (configurable via config and command line):
LogInit:  - bVerifyPeer = false  - Libcurl will NOT verify peer certificate
LogInit:  - bUseHttpProxy = false  - Libcurl will NOT use HTTP proxy
LogInit:  - bDontReuseConnections = false  - Libcurl will reuse connections
LogInit:  - CertBundlePath = nullptr  - Libcurl will use whatever was configured at build time.
LogInit: Build: ++UE4+Release-4.15-CL-3299760
LogInit: Engine Version: 4.15.0-3299760+++UE4+Release-4.15
LogInit: Compatible Engine Version: 4.15.0-3299760+++UE4+Release-4.15
LogInit: Net CL: 3299760
LogDevObjectVersion: Number of dev versions registered: 14
LogDevObjectVersion:   Dev-Blueprints (B0D832E4-1F89-4F0D-ACCF-7EB736FD4AA2): 8
LogDevObjectVersion:   Dev-Build (E1C64328-A22C-4D53-A36C-8E866417BD8C): 0
LogDevObjectVersion:   Dev-Core (375EC13C-06E4-48FB-B500-84F0262A717E): 2
LogDevObjectVersion:   Dev-Editor (E4B068ED-F494-42E9-A231-DA0B2E46BB41): 14
LogDevObjectVersion:   Dev-Framework (CFFC743F-43B0-4480-9391-14DF171D2073): 22
LogDevObjectVersion:   Dev-Mobile (B02B49B5-BB20-44E9-A304-32B752E40360): 0
LogDevObjectVersion:   Dev-Networking (A4E4105C-59A1-49B5-A7C5-40C4547EDFEE): 0
LogDevObjectVersion:   Dev-Online (39C831C9-5AE6-47DC-9A44-9C173E1C8E7C): 0
LogDevObjectVersion:   Dev-Physics (78F01B33-EBEA-4F98-B9B4-84EACCB95AA2): 0
LogDevObjectVersion:   Dev-Platform (6631380F-2D4D-43E0-8009-CF276956A95A): 0
LogDevObjectVersion:   Dev-Rendering (12F88B9F-8875-4AFC-A67C-D90C383ABD29): 12
LogDevObjectVersion:   Dev-Sequencer (7B5AE74C-D270-4C10-A958-57980B212A5A): 3
LogDevObjectVersion:   Dev-VR (D7296918-1DD6-4BDD-9DE2-64A83CC13884): 0
LogDevObjectVersion:   Dev-LoadTimes (C2A15278-BFE7-4AFE-6C17-90FF531DF755): 1
LogInit: Compiled (64-bit): Feb 14 2017 02:04:14
LogInit: Compiled with Visual C++: 19.00.23026.00
LogInit: Build Configuration: Development
LogInit: Branch Name: ++UE4+Release-4.15
LogInit: Command line:  
LogInit: Base directory: C:/Program Files/Epic Games/UE_4.15/Engine/Binaries/Win64/
LogInit: Installed Engine Build: 1
LogInit: Presizing for max 8388607 objects, including 0 objects not considered by GC, pre-allocating 0 bytes for permanent pool.
LogInit: Object subsystem initialized
[2017.05.05-07.29.18:109][  0]LogInit: Selected Device Profile: [Windows]
[2017.05.05-07.29.18:109][  0]LogInit: Applying CVar settings loaded from the selected device profile: [Windows]
[2017.05.05-07.29.18:277][  0]LogInit: Computer: K103-5431
[2017.05.05-07.29.18:277][  0]LogInit: User: tcaselli
[2017.05.05-07.29.18:277][  0]LogInit: CPU Page size=65536, Cores=4
[2017.05.05-07.29.18:277][  0]LogInit: High frequency timer resolution =3.515747 MHz
[2017.05.05-07.29.18:281][  0]LogMemory: Memory total: Physical=11.9GB (12GB approx)
[2017.05.05-07.29.18:289][  0]LogMemory: Platform Memory Stats for Windows
[2017.05.05-07.29.18:289][  0]LogMemory: Process Physical Memory: 260.18 MB used, 260.18 MB peak
[2017.05.05-07.29.18:289][  0]LogMemory: Process Virtual Memory: 262.27 MB used, 262.27 MB peak
[2017.05.05-07.29.18:289][  0]LogMemory: Physical Memory: 7782.11 MB used,  4430.17 MB free, 12212.28 MB total
[2017.05.05-07.29.18:289][  0]LogMemory: Virtual Memory: 629.68 MB used,  4430.17 MB free, 134217728.00 MB total
[2017.05.05-07.29.19:286][  0]LogTextLocalizationManager: No translations for ('fr-FR') exist, falling back to 'en' for localization and internationalization data.
[2017.05.05-07.29.25:020][  0]LogD3D11RHI: D3D11 adapters:
[2017.05.05-07.29.25:081][  0]LogD3D11RHI:    0. 'NVIDIA GeForce GTX 660' (Feature Level 11_0)
[2017.05.05-07.29.25:081][  0]LogD3D11RHI:       1984/0/2048 MB DedicatedVideo/DedicatedSystem/SharedSystem, Outputs:1, VendorId:0x10de
[2017.05.05-07.29.25:103][  0]LogD3D11RHI:    1. 'Microsoft Basic Render Driver' (Feature Level 11_0)
[2017.05.05-07.29.25:103][  0]LogD3D11RHI:       0/0/256 MB DedicatedVideo/DedicatedSystem/SharedSystem, Outputs:0, VendorId:0x1414
[2017.05.05-07.29.25:103][  0]LogD3D11RHI: Chosen D3D11 Adapter: 0
[2017.05.05-07.29.25:121][  0]LogD3D11RHI: Creating new Direct3DDevice
[2017.05.05-07.29.25:122][  0]LogD3D11RHI:     GPU DeviceId: 0x11c0 (for the marketing name, search the web for "GPU Device Id")
[2017.05.05-07.29.25:122][  0]LogWindows: EnumDisplayDevices:
[2017.05.05-07.29.25:122][  0]LogWindows:    0. 'NVIDIA GeForce GTX 660' (P:1 D:1)
[2017.05.05-07.29.25:122][  0]LogWindows:    1. 'NVIDIA GeForce GTX 660' (P:0 D:0)
[2017.05.05-07.29.25:122][  0]LogWindows:    2. 'NVIDIA GeForce GTX 660' (P:0 D:0)
[2017.05.05-07.29.25:122][  0]LogWindows:    3. 'NVIDIA GeForce GTX 660' (P:0 D:0)
[2017.05.05-07.29.25:123][  0]LogWindows: DebugString: FoundDriverCount:4 
[2017.05.05-07.29.25:123][  0]LogD3D11RHI:     Adapter Name: NVIDIA GeForce GTX 660
[2017.05.05-07.29.25:123][  0]LogD3D11RHI:   Driver Version: 368.69 (internal:10.18.13.6869, unified:368.69)
[2017.05.05-07.29.25:123][  0]LogD3D11RHI:      Driver Date: 6-29-2016
[2017.05.05-07.29.25:123][  0]LogRHI: Texture pool is 1361 MB (70% of 1945 MB)
[2017.05.05-07.29.25:138][  0]LogD3D11RHI:Warning: Timestamp queries are currently disabled on this hardware due to instability. Realtime GPU stats will not be available. You can override this behaviour by setting r.NVIDIATimestampWorkaround to 0
[2017.05.05-07.29.25:191][  0]LogD3D11RHI: Async texture creation enabled
[2017.05.05-07.29.25:380][  0]LogD3D11RHI: GPU Timing Frequency: 1000.000000 (Debug: 2 2)
[2017.05.05-07.29.25:508][  0]LogShaderCompilers: Guid format shader working directory is -18 characters bigger than the processId version (../../../../../../Users/t.caselli/Documents/Unreal Projects/DoomLike/Intermediate/Shaders/WorkingDirectory/7380/).
[2017.05.05-07.29.25:508][  0]LogShaderCompilers: Cleaned the shader compiler working directory 'C:/Users/t.caselli/AppData/Local/Temp/UnrealShaderWorkingDir/30E91FAB4A5D441F6732A49E205F7256/'.
[2017.05.05-07.29.25:508][  0]LogShaderCompilers:Display: Using Local Shader Compiler.
[2017.05.05-07.29.32:203][  0]LogTemp:Display: Loaded TP AllDesktopTargetPlatform
[2017.05.05-07.29.32:262][  0]LogTemp:Display: Loaded TP MacClientTargetPlatform
[2017.05.05-07.29.32:322][  0]LogTemp:Display: Loaded TP MacNoEditorTargetPlatform
[2017.05.05-07.29.32:379][  0]LogTemp:Display: Loaded TP MacServerTargetPlatform
[2017.05.05-07.29.32:508][  0]LogTemp:Display: Loaded TP MacTargetPlatform
[2017.05.05-07.29.32:572][  0]LogTemp:Display: Loaded TP WindowsClientTargetPlatform
[2017.05.05-07.29.32:629][  0]LogTemp:Display: Loaded TP WindowsNoEditorTargetPlatform
[2017.05.05-07.29.32:687][  0]LogTemp:Display: Loaded TP WindowsServerTargetPlatform
[2017.05.05-07.29.32:733][  0]LogTemp:Display: Loaded TP WindowsTargetPlatform
[2017.05.05-07.29.32:807][  0]LogTemp:Display: Loaded TP AndroidTargetPlatform
[2017.05.05-07.29.32:863][  0]LogTemp:Display: Loaded TP Android_ASTCTargetPlatform
[2017.05.05-07.29.32:919][  0]LogTemp:Display: Loaded TP Android_ATCTargetPlatform
[2017.05.05-07.29.32:974][  0]LogTemp:Display: Loaded TP Android_DXTTargetPlatform
[2017.05.05-07.29.33:031][  0]LogTemp:Display: Loaded TP Android_ETC1TargetPlatform
[2017.05.05-07.29.33:086][  0]LogTemp:Display: Loaded TP Android_ETC2TargetPlatform
[2017.05.05-07.29.33:201][  0]LogTemp:Display: Loaded TP Android_MultiTargetPlatform
[2017.05.05-07.29.33:201][  0]LogTemp:Display: Loaded TP Android_PVRTCTargetPlatform
[2017.05.05-07.29.33:246][  0]LogTemp:Display: Loaded TP HTML5TargetPlatform
[2017.05.05-07.29.33:462][  0]LogTemp:Display: Loaded TP IOSTargetPlatform
[2017.05.05-07.29.33:501][  0]LogTemp:Display: Loaded TP TVOSTargetPlatform
[2017.05.05-07.29.33:557][  0]LogTemp:Display: Loaded TP LinuxClientTargetPlatform
[2017.05.05-07.29.33:613][  0]LogTemp:Display: Loaded TP LinuxNoEditorTargetPlatform
[2017.05.05-07.29.33:670][  0]LogTemp:Display: Loaded TP LinuxServerTargetPlatform
[2017.05.05-07.29.33:741][  0]LogTemp:Display: Loaded TP LinuxTargetPlatform
[2017.05.05-07.29.33:741][  0]LogTargetPlatformManager:Display: Building Assets For Windows
[2017.05.05-07.29.35:245][  0]LogDerivedDataCache:Display: Max Cache Size: 512 MB
[2017.05.05-07.29.35:858][  0]LogDerivedDataCache: Loaded boot cache 0.60s 50MB C:/Users/t.caselli/AppData/Local/UnrealEngine/4.15/DerivedDataCache/Boot.ddc.
[2017.05.05-07.29.35:859][  0]LogDerivedDataCache:Display: Loaded Boot cache: C:/Users/t.caselli/AppData/Local/UnrealEngine/4.15/DerivedDataCache/Boot.ddc
[2017.05.05-07.29.35:859][  0]LogDerivedDataCache: FDerivedDataBackendGraph:  Pak pak cache file ../../../../../../Users/t.caselli/Documents/Unreal Projects/DoomLike/DerivedDataCache/DDC.ddp not found, will not use a pak cache.
[2017.05.05-07.29.35:859][  0]LogDerivedDataCache: Unable to find inner node Pak for hierarchical cache Hierarchy.
[2017.05.05-07.29.35:859][  0]LogDerivedDataCache: FDerivedDataBackendGraph:  CompressedPak pak cache file ../../../../../../Users/t.caselli/Documents/Unreal Projects/DoomLike/DerivedDataCache/Compressed.ddp not found, will not use a pak cache.
[2017.05.05-07.29.35:859][  0]LogDerivedDataCache: Unable to find inner node CompressedPak for hierarchical cache Hierarchy.
[2017.05.05-07.29.35:950][  0]LogDerivedDataCache:Display: Pak cache opened for reading ../../../Engine/DerivedDataCache/Compressed.ddp.
[2017.05.05-07.29.35:989][  0]LogDerivedDataCache: Using Local data cache path C:/Users/t.caselli/AppData/Local/UnrealEngine/Common/DerivedDataCache: Writable
[2017.05.05-07.29.36:108][  0]LogSlate: Using Freetype 2.6.0
[2017.05.05-07.29.36:187][  0]LogSlate: SlateFontCache - WITH_FREETYPE: 1, WITH_HARFBUZZ: 1
[2017.05.05-07.29.36:187][  0]LogSlate: SlateFontCache - WITH_FREETYPE: 1, WITH_HARFBUZZ: 1
[2017.05.05-07.29.47:088][  0]LogInit: Selected Device Profile: [Windows]
[2017.05.05-07.29.47:121][  0]LogContentStreaming: Texture pool size is 0.00 MB
[2017.05.05-07.29.47:899][  0]LogMeshUtilities: Using QuadricMeshReduction for automatic static mesh reduction
[2017.05.05-07.29.48:109][  0]LogSimplygon: Simplygon DLL not present - disabling.
[2017.05.05-07.29.48:202][  0]LogMeshUtilities: Using SimplygonSwarm for distributed automatic mesh merging
[2017.05.05-07.29.48:202][  0]LogMeshUtilities: No automatic skeletal mesh reduction module available
[2017.05.05-07.29.48:202][  0]LogMeshUtilities: No automatic mesh merging module available
[2017.05.05-07.29.53:788][  0]LogNetVersion: GetLocalNetworkVersion: CL: 3299760, ProjectName: doomlike, ProjectVersion: , EngineNetworkVersion: 2, GameNetworkVersion: 0, NetworkChecksum: 1800947715
[2017.05.05-07.29.53:957][  0]LogAssetRegistry: FAssetRegistry took 0.0330 seconds to start up
[2017.05.05-07.29.54:099][  0]LogPackageLocalizationCache: Processed 4 localized package path(s) for 1 prioritized culture(s) in 0.089314 seconds
[2017.05.05-07.29.54:122][  0]LogUObjectArray: 32475 objects as part of root set at end of initial load.
[2017.05.05-07.29.54:122][  0]LogUObjectAllocator: 7073368 out of 0 bytes used by permanent object pool.
[2017.05.05-07.29.54:122][  0]LogUObjectArray: CloseDisregardForGC: 0/0 objects in disregard for GC pool
[2017.05.05-07.29.54:244][  0]LogInit: WinSock: version 1.1 (2.2), MaxSocks=32767, MaxUdp=65467
[2017.05.05-07.30.17:863][  0]LogTcpMessaging: Initializing TcpMessaging bridge
[2017.05.05-07.30.17:931][  0]LogUdpMessaging: Initializing bridge on interface 0.0.0.0:0 to multicast group 230.0.0.1:6666.
[2017.05.05-07.30.20:182][  0]LogMaterial: Uniform references updated for custom material expression Custom.
[2017.05.05-07.30.21:286][  0]SourceControl: Info Source control is disabled
[2017.05.05-07.30.21:297][  0]SourceControl: Info Source control is disabled
[2017.05.05-07.30.21:419][  0]SourceControl: Info Source control is disabled
[2017.05.05-07.30.21:518][  0]SourceControl: Info Source control is disabled
[2017.05.05-07.30.24:292][  0]LogEngine: Initializing Engine...
[2017.05.05-07.30.24:301][  0]LogHMD: Failed to initialize OpenVR with code 110
[2017.05.05-07.30.25:391][  0]LogAIModule: Creating AISystem for world Untitled
[2017.05.05-07.30.25:492][  0]LogInit: XAudio2 using 'Casque (Périphérique High Definition Audio)' : 2 channels at 44.1 kHz using 16 bits per sample (channel mask 0x3)
[2017.05.05-07.30.25:535][  0]LogInit: FAudioDevice initialized.
[2017.05.05-07.30.25:587][  0]LogDerivedDataCache: Saved boot cache 0.05s 50MB C:/Users/t.caselli/AppData/Local/UnrealEngine/4.15/DerivedDataCache/Boot.ddc.
[2017.05.05-07.30.25:602][  0]LogInit: Texture streaming: Enabled
[2017.05.05-07.30.25:824][  0]LogEngineSessionManager: EngineSessionManager initialized
[2017.05.05-07.30.26:151][  0]LogInit: Transaction tracking system initialized
[2017.05.05-07.30.26:842][  0]BlueprintLog: New page: Editor Load
[2017.05.05-07.30.28:568][  0]LocalizationService: Info Localization service is disabled
[2017.05.05-07.30.29:864][  0]LogConsoleResponse:Display: 
[2017.05.05-07.30.32:283][  0]LogFileCache: Scanning file cache for directory 'C:/Users/t.caselli/Documents/Unreal Projects/DoomLike/Content/' took 0.03s
[2017.05.05-07.30.32:283][  0]LogCook:Display: Max memory allowance for cook 16384mb min free memory 0mb
[2017.05.05-07.30.32:283][  0]LogCook:Display: Mobile HDR setting 1
[2017.05.05-07.30.34:377][  0]SourceControl: Info Source control is disabled
[2017.05.05-07.30.34:411][  0]Cmd: MAP LOAD FILE="../../../../../../Users/t.caselli/Documents/Unreal Projects/DoomLike/Content/FirstPersonBP/Maps/FirstPersonExampleMap.umap" TEMPLATE=0 SHOWPROGRESS=1 FEATURELEVEL=3
[2017.05.05-07.30.34:481][  0]LightingResults: New page: Lighting Build
[2017.05.05-07.30.34:595][  0]MapCheck: New page: Map Check
[2017.05.05-07.30.34:595][  0]LightingResults: New page: Lighting Build
[2017.05.05-07.30.40:401][  0]LogAIModule: Creating AISystem for world FirstPersonExampleMap
[2017.05.05-07.30.40:792][  0]LogEditorServer: Finished looking for orphan Actors (0.000 secs)
[2017.05.05-07.30.40:819][  0]Cmd: MAP CHECKDEP NOCLEARLOG
[2017.05.05-07.30.40:883][  0]MapCheck: Info Map check complete: 0 Error(s), 0 Warning(s), took 63.427ms to complete.
[2017.05.05-07.30.40:883][  0]LogFileHelpers: Loading map 'FirstPersonExampleMap' took 6.493
[2017.05.05-07.30.42:032][  0]LogCollectionManager: Loaded 0 collections in 0.011151 seconds
[2017.05.05-07.30.42:225][  0]LogFileCache: Scanning file cache for directory 'C:/Users/t.caselli/Documents/Unreal Projects/DoomLike/Saved/Collections/' took 0.01s
[2017.05.05-07.30.42:225][  0]LogFileCache: Scanning file cache for directory 'C:/Users/t.caselli/Documents/Unreal Projects/DoomLike/Content/Developers/tcaselli/Collections/' took 0.01s
[2017.05.05-07.30.42:225][  0]LogFileCache: Scanning file cache for directory 'C:/Users/t.caselli/Documents/Unreal Projects/DoomLike/Content/Collections/' took 0.01s
[2017.05.05-07.30.42:225][  0]LogCollectionManager: Rebuilt the GUID cache for 0 collections in 0.000007 seconds
[2017.05.05-07.30.42:237][  0]LogContentBrowser: Native class hierarchy populated in 0.0101 seconds. Added 2269 classes and 459 folders.
[2017.05.05-07.30.42:300][  0]LogStats: UGameplayTagsManager::ConstructGameplayTagTree: Construct from data asset -  0.000 s
[2017.05.05-07.30.42:300][  0]LogStats: UGameplayTagsManager::ConstructGameplayTagTree: GameplayTagTreeChangedEvent.Broadcast -  0.001 s
[2017.05.05-07.30.42:405][  0]LogContentBrowser: Native class hierarchy updated for 'WidgetCarousel' in 0.0005 seconds. Added 0 classes and 0 folders.
[2017.05.05-07.30.43:980][  0]LogContentBrowser: Native class hierarchy updated for 'AddContentDialog' in 0.0015 seconds. Added 0 classes and 0 folders.
[2017.05.05-07.30.44:131][  0]LogContentBrowser: Native class hierarchy updated for 'SceneOutliner' in 0.0006 seconds. Added 1 classes and 2 folders.
[2017.05.05-07.30.44:490][  0]LogCrashTracker: Crashtracker disabled due to settings.
[2017.05.05-07.30.44:612][  0]LogUObjectGlobals:Warning: Failed to find object 'Class None.'
[2017.05.05-07.30.44:767][  0]LogContentBrowser: Native class hierarchy updated for 'HierarchicalLODOutliner' in 0.0007 seconds. Added 1 classes and 2 folders.
[2017.05.05-07.30.44:767][  0]LogLoad: (Engine Initialization) Total time: 94.86 seconds
[2017.05.05-07.30.44:767][  0]LogLoad: (Engine Initialization) Total Blueprint compile time: 0.85 seconds
[2017.05.05-07.30.44:767][  0]LogExternalProfiler: Found external profiler: VSPerf
[2017.05.05-07.30.44:767][  0]LogExternalProfiler: Using external profiler: VSPerf
[2017.05.05-07.30.45:108][  0]LogOcInput: OculusInput pre-init called
[2017.05.05-07.30.45:177][  0]LogContentStreaming: Texture pool size now 1000 MB
[2017.05.05-07.30.45:226][  0]LogSlate: Took 0.018895 seconds to synchronously load lazily loaded font '../../../Engine/Content/Slate/Fonts/Roboto-Regular.ttf' (155K)
[2017.05.05-07.30.45:248][  0]LogSlate: Took 0.014654 seconds to synchronously load lazily loaded font '../../../Engine/Content/Slate/Fonts/Roboto-Bold.ttf' (160K)
[2017.05.05-07.30.45:271][  0]LogSlate: Took 0.016862 seconds to synchronously load lazily loaded font '../../../Engine/Content/Editor/Slate/Fonts/FontAwesome.ttf' (139K)
[2017.05.05-07.30.45:843][  0]LogRenderer: Reallocating scene render targets to support 1040x556 NumSamples 1 (Frame:2).
[2017.05.05-07.30.46:189][  1]LogSlate: Took 0.009880 seconds to synchronously load lazily loaded font '../../../Engine/Content/Slate/Fonts/Roboto-Light.ttf' (159K)
[2017.05.05-07.30.46:244][  2]LogSlate: Took 0.000368 seconds to synchronously load lazily loaded font '../../../Engine/Content/Slate/Fonts/Roboto-Light.ttf' (159K)
[2017.05.05-07.30.46:267][  3]LogAssetRegistry: Asset discovery search completed in 52.3379 seconds
[2017.05.05-07.30.46:279][  3]LogCollectionManager: Rebuilt the object cache for 0 collections in 0.000006 seconds (found 0 objects)
[2017.05.05-07.30.46:279][  3]LogCollectionManager: Fixed up redirectors for 0 collections in 0.012177 seconds (updated 0 objects)
[2017.05.05-07.30.52:688][642]LogSlate: Took 0.000195 seconds to synchronously load lazily loaded font '../../../Engine/Content/Slate/Fonts/Roboto-Light.ttf' (159K)
[2017.05.05-07.30.53:581][642]LogSlate: Took 0.000265 seconds to synchronously load lazily loaded font '../../../Engine/Content/Slate/Fonts/Roboto-Regular.ttf' (155K)
[2017.05.05-07.30.57:980][642]LogAIModule: Creating AISystem for world Level1
[2017.05.05-07.30.58:072][642]Cmd: MAP LOAD FILE="../../../../../../Users/t.caselli/Documents/Unreal Projects/DoomLike/Content/FirstPersonBP/Maps/Level1.umap" TEMPLATE=0 SHOWPROGRESS=1 FEATURELEVEL=3
[2017.05.05-07.30.58:072][642]LightingResults: New page: Lighting Build
[2017.05.05-07.30.58:073][642]LoadErrors: New page: Loading map: Level1.umap
[2017.05.05-07.30.58:074][642]MapCheck: New page: Map Check
[2017.05.05-07.30.58:074][642]LightingResults: New page: Lighting Build
[2017.05.05-07.30.58:168][642]LogEditorServer: Finished looking for orphan Actors (0.000 secs)
[2017.05.05-07.30.58:213][642]Cmd: MAP CHECKDEP NOCLEARLOG
[2017.05.05-07.30.58:283][642]MapCheck: Info Map check complete: 0 Error(s), 0 Warning(s), took 69.633ms to complete.
[2017.05.05-07.30.58:283][642]LogFileHelpers: Loading map 'Level1' took 0.212
[2017.05.05-07.32.04:455][ 28]LogLinker:Warning: Asset '../../../Engine/Plugins/Marketplace/LowEntryExtStdLib/Content/Blueprints/LowEntryExtendedStandardLibraryMacros.uasset' has been saved with empty engine version. The asset will be loaded but may be incompatible.
[2017.05.05-07.32.04:839][ 28]LogContentBrowser: Native class hierarchy updated for 'BlueprintGraph' in 0.0010 seconds. Added 112 classes and 0 folders.
[2017.05.05-07.32.06:983][ 28]LogRenderer: Reallocating scene render targets to support 1040x688 NumSamples 1 (Frame:2736).
[2017.05.05-07.32.07:118][ 30]LogSlate: Took 0.015795 seconds to synchronously load lazily loaded font '../../../Engine/Content/Editor/Slate/Fonts/Roboto-Italic.ttf' (157K)
[2017.05.05-07.35.28:353][514]Cmd: TRANSACTION UNDO
[2017.05.05-07.35.28:353][514]LogEditorTransaction: Undo Make New Scene Root
[2017.05.05-07.40.53:589][950]LogFileHelpers: Editor autosave (incl. sublevels) for '/Game/FirstPersonBP/Maps/Level1' took 0.049
[2017.05.05-07.40.53:678][950]OBJ SavePackage: Generating thumbnails for [1] asset(s) in package [/Game/TextBox_Class] ([1] browsable assets)...
[2017.05.05-07.40.53:756][950]OBJ SavePackage:     Rendered thumbnail for [Blueprint /Game/TextBox_Class.TextBox_Class]
[2017.05.05-07.40.53:756][950]OBJ SavePackage: Finished generating thumbnails for package [/Game/TextBox_Class]
[2017.05.05-07.40.53:756][950]Cmd: OBJ SAVEPACKAGE PACKAGE="/Game/TextBox_Class" FILE="../../../../../../Users/t.caselli/Documents/Unreal Projects/DoomLike/Saved/Autosaves/Game/TextBox_Class_Auto1.uasset" SILENT=false AUTOSAVING=true
[2017.05.05-07.40.53:865][950]LogSavePackage: Save=106.14ms
[2017.05.05-07.40.53:865][950]LogSavePackage: Moving '../../../../../../Users/t.caselli/Documents/Unreal Projects/DoomLike/Saved/TextBox_Class_Auto19086BD624059E62C18F67F9BCC421B18.tmp' to '../../../../../../Users/t.caselli/Documents/Unreal Projects/DoomLike/Saved/Autosaves/Game/TextBox_Class_Auto1.uasset'
[2017.05.05-07.40.53:883][950]LogSavePackage:Display: Finished SavePackage ../../../../../../Users/t.caselli/Documents/Unreal Projects/DoomLike/Saved/Autosaves/Game/TextBox_Class_Auto1.uasset
[2017.05.05-07.40.53:884][950]LogFileHelpers: Auto-saving content packages took 0.293
[2017.05.05-07.50.58:016][966]LogFileHelpers: Editor autosave (incl. sublevels) for '/Game/FirstPersonBP/Maps/Level1' took 0.022
[2017.05.05-07.50.58:018][966]OBJ SavePackage: Generating thumbnails for [1] asset(s) in package [/Game/TextBox_Class] ([1] browsable assets)...
[2017.05.05-07.50.58:034][966]OBJ SavePackage:     Rendered thumbnail for [Blueprint /Game/TextBox_Class.TextBox_Class]
[2017.05.05-07.50.58:034][966]OBJ SavePackage: Finished generating thumbnails for package [/Game/TextBox_Class]
[2017.05.05-07.50.58:035][966]Cmd: OBJ SAVEPACKAGE PACKAGE="/Game/TextBox_Class" FILE="../../../../../../Users/t.caselli/Documents/Unreal Projects/DoomLike/Saved/Autosaves/Game/TextBox_Class_Auto2.uasset" SILENT=false AUTOSAVING=true
[2017.05.05-07.50.58:060][966]LogSavePackage: Save=23.96ms
[2017.05.05-07.50.58:060][966]LogSavePackage: Moving '../../../../../../Users/t.caselli/Documents/Unreal Projects/DoomLike/Saved/TextBox_Class_Auto280F5E29F4213053FBF297B8973F0F532.tmp' to '../../../../../../Users/t.caselli/Documents/Unreal Projects/DoomLike/Saved/Autosaves/Game/TextBox_Class_Auto2.uasset'
[2017.05.05-07.50.58:061][966]LogSavePackage:Display: Finished SavePackage ../../../../../../Users/t.caselli/Documents/Unreal Projects/DoomLike/Saved/Autosaves/Game/TextBox_Class_Auto2.uasset
[2017.05.05-07.50.58:061][966]LogFileHelpers: Auto-saving content packages took 0.044
[2017.05.05-11.35.09:157][388]Cmd: OBJ SAVEPACKAGE PACKAGE="/Game/TextBox_Class" FILE="../../../../../../Users/t.caselli/Documents/Unreal Projects/DoomLike/Content/TextBox_Class.uasset" SILENT=true
[2017.05.05-11.35.09:300][388]LogSavePackage: Save=127.08ms
[2017.05.05-11.35.09:300][388]LogSavePackage: Moving '../../../../../../Users/t.caselli/Documents/Unreal Projects/DoomLike/Saved/TextBox_Class9DFC80274A9DD7DACC1987864AAFDE4F.tmp' to '../../../../../../Users/t.caselli/Documents/Unreal Projects/DoomLike/Content/TextBox_Class.uasset'
[2017.05.05-11.35.09:307][388]LogSavePackage:Display: Finished SavePackage ../../../../../../Users/t.caselli/Documents/Unreal Projects/DoomLike/Content/TextBox_Class.uasset
[2017.05.05-11.35.13:685][898]LogSlate: Took 0.032662 seconds to synchronously load lazily loaded font '../../../Engine/Content/Editor/Slate/Fonts/Roboto-BoldCondensed.ttf' (158K)
[2017.05.05-11.35.14:090][930]Cmd: OBJ SAVEPACKAGE PACKAGE="/Game/TextBox_Class" FILE="../../../../../../Users/t.caselli/Documents/Unreal Projects/DoomLike/Content/TextBox_Class.uasset" SILENT=true
[2017.05.05-11.35.14:528][930]LogSavePackage: Save=17.14ms
[2017.05.05-11.35.14:528][930]LogSavePackage: Moving '../../../../../../Users/t.caselli/Documents/Unreal Projects/DoomLike/Saved/TextBox_Class38A25D4D463727F9D97D8AAB10094E06.tmp' to '../../../../../../Users/t.caselli/Documents/Unreal Projects/DoomLike/Content/TextBox_Class.uasset'
[2017.05.05-11.35.14:529][930]LogSavePackage:Display: Finished SavePackage ../../../../../../Users/t.caselli/Documents/Unreal Projects/DoomLike/Content/TextBox_Class.uasset
[2017.05.05-11.35.15:357][ 22]Cmd: OBJ SAVEPACKAGE PACKAGE="/Game/TextBox_Class" FILE="../../../../../../Users/t.caselli/Documents/Unreal Projects/DoomLike/Content/TextBox_Class.uasset" SILENT=true
[2017.05.05-11.35.15:382][ 22]LogSavePackage: Save=15.62ms
[2017.05.05-11.35.15:382][ 22]LogSavePackage: Moving '../../../../../../Users/t.caselli/Documents/Unreal Projects/DoomLike/Saved/TextBox_Class5C3834294E09B74BF38203A9F3104BBE.tmp' to '../../../../../../Users/t.caselli/Documents/Unreal Projects/DoomLike/Content/TextBox_Class.uasset'
[2017.05.05-11.35.15:384][ 22]LogSavePackage:Display: Finished SavePackage ../../../../../../Users/t.caselli/Documents/Unreal Projects/DoomLike/Content/TextBox_Class.uasset
[2017.05.05-11.35.16:508][151]Cmd: OBJ SAVEPACKAGE PACKAGE="/Game/TextBox_Class" FILE="../../../../../../Users/t.caselli/Documents/Unreal Projects/DoomLike/Content/TextBox_Class.uasset" SILENT=true
[2017.05.05-11.35.16:548][151]LogSavePackage: Save=30.60ms
[2017.05.05-11.35.16:548][151]LogSavePackage: Moving '../../../../../../Users/t.caselli/Documents/Unreal Projects/DoomLike/Saved/TextBox_Class2559F43A4FBDCEFF5612659BE8C522BD.tmp' to '../../../../../../Users/t.caselli/Documents/Unreal Projects/DoomLike/Content/TextBox_Class.uasset'
[2017.05.05-11.35.16:549][151]LogSavePackage:Display: Finished SavePackage ../../../../../../Users/t.caselli/Documents/Unreal Projects/DoomLike/Content/TextBox_Class.uasset
[2017.05.05-11.35.18:135][290]LogWindowsTextInputMethodSystem:Display: IME system now deactivated.
[2017.05.05-11.35.18:337][291]Cmd: QUIT_EDITOR
[2017.05.05-11.35.18:558][291]LogExit: Preparing to exit.
[2017.05.05-11.35.18:954][291]LogDirectoryWatcher: A directory notification for 'C:/Users/t.caselli/Documents/Unreal Projects/DoomLike/Content/' was aborted.
[2017.05.05-11.35.19:077][291]LogExit: Editor shut down
[2017.05.05-11.35.19:078][291]LogExit: Transaction tracking system shut down
[2017.05.05-11.35.19:601][291]LogObj: Freed 0b from 0 cluster array pools.
[2017.05.05-11.35.19:601][291]LogExit: Object subsystem successfully closed.
[2017.05.05-11.35.19:663][291]LogD3D11RHI: Shutdown
[2017.05.05-11.35.19:663][291]LogD3D11RHI: CleanupD3DDevice
[2017.05.05-11.35.19:772][291]LogD3D11RHI: ~FD3D11DynamicRHI
[2017.05.05-11.35.20:059][291]LogModuleManager: Shutting down and abandoning module HierarchicalLODUtilities (506)
[2017.05.05-11.35.20:059][291]LogModuleManager: Shutting down and abandoning module BlueprintGraph (504)
[2017.05.05-11.35.20:059][291]LogModuleManager: Shutting down and abandoning module BlueprintProfiler (502)
[2017.05.05-11.35.20:066][291]LogModuleManager: Shutting down and abandoning module HierarchicalLODOutliner (500)
[2017.05.05-11.35.20:067][291]LogModuleManager: Shutting down and abandoning module CrashTracker (498)
[2017.05.05-11.35.20:067][291]LogModuleManager: Shutting down and abandoning module SceneOutliner (496)
[2017.05.05-11.35.20:067][291]LogModuleManager: Shutting down and abandoning module AddContentDialog (494)
[2017.05.05-11.35.20:067][291]LogDirectoryWatcher: A directory notification for 'C:/Program Files/Epic Games/UE_4.15/FeaturePacks/' was aborted.
[2017.05.05-11.35.20:068][291]LogModuleManager: Shutting down and abandoning module WidgetCarousel (493)
[2017.05.05-11.35.20:068][291]LogModuleManager: Shutting down and abandoning module EditorWidgets (490)
[2017.05.05-11.35.20:068][291]LogModuleManager: Shutting down and abandoning module CollectionManager (488)
[2017.05.05-11.35.20:076][291]LogDirectoryWatcher: A directory notification for 'C:/Users/t.caselli/Documents/Unreal Projects/DoomLike/Content/Collections/' was aborted.
[2017.05.05-11.35.20:076][291]LogDirectoryWatcher: A directory notification for 'C:/Users/t.caselli/Documents/Unreal Projects/DoomLike/Content/Developers/tcaselli/Collections/' was aborted.
[2017.05.05-11.35.20:076][291]LogDirectoryWatcher: A directory notification for 'C:/Users/t.caselli/Documents/Unreal Projects/DoomLike/Saved/Collections/' was aborted.
[2017.05.05-11.35.20:076][291]LogModuleManager: Shutting down and abandoning module StatsViewer (486)
[2017.05.05-11.35.20:076][291]LogModuleManager: Shutting down and abandoning module FoliageEdit (484)
[2017.05.05-11.35.20:076][291]LogModuleManager: Shutting down and abandoning module LandscapeEditor (482)
[2017.05.05-11.35.20:076][291]LogModuleManager: Shutting down and abandoning module SceneDepthPickerMode (480)
[2017.05.05-11.35.20:076][291]LogModuleManager: Shutting down and abandoning module ActorPickerMode (478)
[2017.05.05-11.35.20:076][291]LogModuleManager: Shutting down and abandoning module GeometryMode (476)
[2017.05.05-11.35.20:076][291]LogModuleManager: Shutting down and abandoning module TextureAlignMode (474)
[2017.05.05-11.35.20:076][291]LogModuleManager: Shutting down and abandoning module BspMode (472)
[2017.05.05-11.35.20:076][291]LogModuleManager: Shutting down and abandoning module HardwareSurvey (470)
[2017.05.05-11.35.20:076][291]LogModuleManager: Shutting down and abandoning module SequenceRecorderSections (468)
[2017.05.05-11.35.20:076][291]LogModuleManager: Shutting down and abandoning module AutomationWorker (466)
[2017.05.05-11.35.20:076][291]LogModuleManager: Shutting down and abandoning module MatineeToLevelSequence (464)
[2017.05.05-11.35.20:076][291]LogModuleManager: Shutting down and abandoning module LevelSequenceEditor (462)
[2017.05.05-11.35.20:099][291]LogModuleManager: Shutting down and abandoning module PlacementMode (461)
[2017.05.05-11.35.20:099][291]LogModuleManager: Shutting down and abandoning module WmfMediaFactory (458)
[2017.05.05-11.35.20:099][291]LogModuleManager: Shutting down and abandoning module WmfMediaEditor (456)
[2017.05.05-11.35.20:099][291]LogModuleManager: Shutting down and abandoning module MfMediaFactory (454)
[2017.05.05-11.35.20:099][291]LogModuleManager: Shutting down and abandoning module MfMediaEditor (452)
[2017.05.05-11.35.20:099][291]LogModuleManager: Shutting down and abandoning module AvfMediaFactory (450)
[2017.05.05-11.35.20:099][291]LogModuleManager: Shutting down and abandoning module AvfMediaEditor (448)
[2017.05.05-11.35.20:099][291]LogModuleManager: Shutting down and abandoning module AndroidMediaFactory (446)
[2017.05.05-11.35.20:099][291]LogModuleManager: Shutting down and abandoning module Media (445)
[2017.05.05-11.35.20:099][291]LogModuleManager: Shutting down and abandoning module AndroidMediaEditor (442)
[2017.05.05-11.35.20:099][291]LogModuleManager: Shutting down and abandoning module CharacterAI (440)
[2017.05.05-11.35.20:099][291]LogModuleManager: Shutting down and abandoning module AudioCapture (438)
[2017.05.05-11.35.20:099][291]LogModuleManager: Shutting down and abandoning module SequenceRecorder (437)
[2017.05.05-11.35.20:099][291]LogModuleManager: Shutting down and abandoning module SmartSnapping (434)
[2017.05.05-11.35.20:099][291]LogModuleManager: Shutting down and abandoning module SessionServices (432)
[2017.05.05-11.35.20:099][291]LogModuleManager: Shutting down and abandoning module ViewportSnapping (430)
[2017.05.05-11.35.20:100][291]LogModuleManager: Shutting down and abandoning module ViewportInteraction (428)
[2017.05.05-11.35.20:100][291]LogModuleManager: Shutting down and abandoning module LogVisualizer (426)
[2017.05.05-11.35.20:115][291]LogModuleManager: Shutting down and abandoning module IntroTutorials (424)
[2017.05.05-11.35.20:124][291]LogModuleManager: Shutting down and abandoning module GameProjectGeneration (423)
[2017.05.05-11.35.20:130][291]LogModuleManager: Shutting down and abandoning module EditorLiveStreaming (420)
[2017.05.05-11.35.20:131][291]LogModuleManager: Shutting down and abandoning module IOSPlatformEditor (418)
[2017.05.05-11.35.20:131][291]LogModuleManager: Shutting down and abandoning module HTML5PlatformEditor (416)
[2017.05.05-11.35.20:131][291]LogModuleManager: Shutting down and abandoning module AndroidPlatformEditor (414)
[2017.05.05-11.35.20:131][291]LogModuleManager: Shutting down and abandoning module AndroidDeviceDetection (413)
[2017.05.05-11.35.20:286][291]LogModuleManager: Shutting down and abandoning module IOSRuntimeSettings (410)
[2017.05.05-11.35.20:286][291]LogModuleManager: Shutting down and abandoning module AndroidRuntimeSettings (408)
[2017.05.05-11.35.20:286][291]LogModuleManager: Shutting down and abandoning module InputBindingEditor (406)
[2017.05.05-11.35.20:286][291]LogModuleManager: Shutting down and abandoning module NiagaraEditor (404)
[2017.05.05-11.35.20:299][291]LogModuleManager: Shutting down and abandoning module MergeActors (402)
[2017.05.05-11.35.20:311][291]LogModuleManager: Shutting down and abandoning module SizeMap (400)
[2017.05.05-11.35.20:311][291]LogModuleManager: Shutting down and abandoning module TreeMap (398)
[2017.05.05-11.35.20:320][291]LogModuleManager: Shutting down and abandoning module ReferenceViewer (396)
[2017.05.05-11.35.20:320][291]LogModuleManager: Shutting down and abandoning module LocalizationDashboard (394)
[2017.05.05-11.35.20:332][291]LogModuleManager: Shutting down and abandoning module LocalizationService (393)
[2017.05.05-11.35.20:340][291]LogModuleManager: Shutting down and abandoning module HardwareTargeting (390)
[2017.05.05-11.35.20:340][291]LogModuleManager: Shutting down and abandoning module DeviceProfileEditor (388)
[2017.05.05-11.35.20:352][291]LogModuleManager: Shutting down and abandoning module UndoHistory (386)
[2017.05.05-11.35.20:352][291]LogModuleManager: Shutting down and abandoning module UserFeedback (384)
[2017.05.05-11.35.20:352][291]LogModuleManager: Shutting down and abandoning module XmlParser (382)
[2017.05.05-11.35.20:352][291]LogModuleManager: Shutting down and abandoning module Blutility (380)
[2017.05.05-11.35.20:352][291]LogModuleManager: Shutting down and abandoning module ProjectSettingsViewer (378)
[2017.05.05-11.35.20:352][291]LogModuleManager: Shutting down and abandoning module ProjectTargetPlatformEditor (377)
[2017.05.05-11.35.20:352][291]LogModuleManager: Shutting down and abandoning module EditorSettingsViewer (374)
[2017.05.05-11.35.20:352][291]LogModuleManager: Shutting down and abandoning module SettingsEditor (372)
[2017.05.05-11.35.20:352][291]LogModuleManager: Shutting down and abandoning module ProjectLauncher (370)
[2017.05.05-11.35.20:363][291]LogModuleManager: Shutting down and abandoning module SessionFrontend (368)
[2017.05.05-11.35.20:368][291]LogModuleManager: Shutting down and abandoning module ProfilerClient (366)
[2017.05.05-11.35.20:369][291]LogModuleManager: Shutting down and abandoning module DeviceManager (364)
[2017.05.05-11.35.20:376][291]LogModuleManager: Shutting down and abandoning module TargetDeviceServices (363)
[2017.05.05-11.35.20:420][291]LogModuleManager: Shutting down and abandoning module AutomationController (360)
[2017.05.05-11.35.20:420][291]LogModuleManager: Shutting down and abandoning module AutomationWindow (358)
[2017.05.05-11.35.20:427][291]LogModuleManager: Shutting down and abandoning module Layers (356)
[2017.05.05-11.35.20:443][291]LogModuleManager: Shutting down and abandoning module ComponentVisualizers (354)
[2017.05.05-11.35.20:443][291]LogModuleManager: Shutting down and abandoning module DetailCustomizations (352)
[2017.05.05-11.35.20:443][291]LogModuleManager: Shutting down and abandoning module PackagesDialog (350)
[2017.05.05-11.35.20:443][291]LogModuleManager: Shutting down and abandoning module Persona (348)
[2017.05.05-11.35.20:455][291]LogModuleManager: Shutting down and abandoning module AnimGraph (347)
[2017.05.05-11.35.20:455][291]LogModuleManager: Shutting down and abandoning module Kismet (344)
[2017.05.05-11.35.20:462][291]LogModuleManager: Shutting down and abandoning module GraphEditor (342)
[2017.05.05-11.35.20:462][291]LogModuleManager: Shutting down and abandoning module ClassViewer (340)
[2017.05.05-11.35.20:463][291]LogModuleManager: Shutting down and abandoning module Toolbox (338)
[2017.05.05-11.35.20:463][291]LogModuleManager: Shutting down and abandoning module ModuleUI (336)
[2017.05.05-11.35.20:476][291]LogModuleManager: Shutting down and abandoning module MovieSceneTools (334)
[2017.05.05-11.35.20:485][291]LogModuleManager: Shutting down and abandoning module OutputLog (332)
[2017.05.05-11.35.20:485][291]LogModuleManager: Shutting down and abandoning module GammaUI (330)
[2017.05.05-11.35.20:485][291]LogModuleManager: Shutting down and abandoning module Documentation (328)
[2017.05.05-11.35.20:485][291]LogModuleManager: Shutting down and abandoning module Niagara (326)
[2017.05.05-11.35.20:485][291]LogModuleManager: Shutting down and abandoning module StreamingPauseRendering (324)
[2017.05.05-11.35.20:485][291]LogModuleManager: Shutting down and abandoning module AnalyticsET (322)
[2017.05.05-11.35.20:485][291]LogModuleManager: Shutting down and abandoning module PortalServices (320)
[2017.05.05-11.35.20:485][291]LogModuleManager: Shutting down and abandoning module PortalRpc (318)
[2017.05.05-11.35.20:485][291]LogModuleManager: Shutting down and abandoning module MessagingRpc (316)
[2017.05.05-11.35.20:485][291]LogModuleManager: Shutting down and abandoning module AIModule (314)
[2017.05.05-11.35.20:485][291]LogModuleManager: Shutting down and abandoning module GameplayDebugger (313)
[2017.05.05-11.35.20:486][291]LogModuleManager: Shutting down and abandoning module AITestSuite (311)
[2017.05.05-11.35.20:486][291]LogModuleManager: Shutting down and abandoning module ProfilerService (308)
[2017.05.05-11.35.20:664][291]LogModuleManager: Shutting down and abandoning module TaskGraph (306)
[2017.05.05-11.35.20:665][291]LogModuleManager: Shutting down and abandoning module SteamVRController (304)
[2017.05.05-11.35.20:665][291]LogModuleManager: Shutting down and abandoning module SteamVR (302)
[2017.05.05-11.35.20:665][291]LogModuleManager: Shutting down and abandoning module ProceduralMeshComponentEditor (300)
[2017.05.05-11.35.20:665][291]LogModuleManager: Shutting down and abandoning module ProceduralMeshComponent (298)
[2017.05.05-11.35.20:665][291]LogModuleManager: Shutting down and abandoning module OculusLibrary (296)
[2017.05.05-11.35.20:665][291]LogModuleManager: Shutting down and abandoning module OculusInput (294)
[2017.05.05-11.35.20:665][291]LogModuleManager: Shutting down and abandoning module MobilePatchingUtils (292)
[2017.05.05-11.35.20:665][291]LogModuleManager: Shutting down and abandoning module CustomMeshComponent (290)
[2017.05.05-11.35.20:665][291]LogModuleManager: Shutting down and abandoning module CableComponent (288)
[2017.05.05-11.35.20:665][291]LogModuleManager: Shutting down and abandoning module ArchVisCharacter (286)
[2017.05.05-11.35.20:665][291]LogModuleManager: Shutting down and abandoning module MediaPlayerEditor (282)
[2017.05.05-11.35.20:678][291]LogModuleManager: Shutting down and abandoning module LowEntryExtendedStandardLibraryEditor (280)
[2017.05.05-11.35.20:678][291]LogModuleManager: Shutting down and abandoning module HTML5Networking (278)
[2017.05.05-11.35.20:678][291]LogModuleManager: Shutting down and abandoning module AlembicImporter (276)
[2017.05.05-11.35.20:702][291]LogModuleManager: Shutting down and abandoning module AlembicLibrary (275)
[2017.05.05-11.35.20:702][291]LogModuleManager: Shutting down and abandoning module GeometryCache (274)
[2017.05.05-11.35.20:702][291]LogModuleManager: Shutting down and abandoning module GeometryCacheEd (273)
[2017.05.05-11.35.20:702][291]LogModuleManager: Shutting down and abandoning module SuperSearchEditor (268)
[2017.05.05-11.35.20:702][291]LogModuleManager: Shutting down and abandoning module SuperSearch (267)
[2017.05.05-11.35.20:702][291]LogModuleManager: Shutting down and abandoning module SpeedTreeImporter (264)
[2017.05.05-11.35.20:702][291]LogModuleManager: Shutting down and abandoning module PluginBrowser (262)
[2017.05.05-11.35.20:702][291]LogModuleManager: Shutting down and abandoning module MobileLauncherProfileWizard (260)
[2017.05.05-11.35.20:702][291]LogModuleManager: Shutting down and abandoning module EpicSurvey (258)
[2017.05.05-11.35.20:702][291]LogModuleManager: Shutting down and abandoning module VisualStudioSourceCodeAccess (256)
[2017.05.05-11.35.20:702][291]LogModuleManager: Shutting down and abandoning module DesktopPlatform (255)
[2017.05.05-11.35.20:702][291]LogModuleManager: Shutting down and abandoning module UObjectPlugin (252)
[2017.05.05-11.35.20:702][291]LogModuleManager: Shutting down and abandoning module SubversionSourceControl (250)
[2017.05.05-11.35.20:702][291]LogModuleManager: Shutting down and abandoning module PerforceSourceControl (248)
[2017.05.05-11.35.20:714][291]LogModuleManager: Shutting down and abandoning module GitSourceControl (246)
[2017.05.05-11.35.20:714][291]LogModuleManager: Shutting down and abandoning module SourceControl (245)
[2017.05.05-11.35.20:714][291]LogModuleManager: Shutting down and abandoning module LightPropagationVolumeEditor (242)
[2017.05.05-11.35.20:714][291]LogModuleManager: Shutting down and abandoning module PaperTiledImporter (240)
[2017.05.05-11.35.20:714][291]LogModuleManager: Shutting down and abandoning module PaperSpriteSheetImporter (238)
[2017.05.05-11.35.20:714][291]LogModuleManager: Shutting down and abandoning module Paper2DEditor (236)
[2017.05.05-11.35.20:736][291]LogModuleManager: Shutting down and abandoning module MeshPaint (235)
[2017.05.05-11.35.20:736][291]LogModuleManager: Shutting down and abandoning module LevelEditor (233)
[2017.05.05-11.35.20:737][291]LogModuleManager: Shutting down and abandoning module PixelInspectorModule (232)
[2017.05.05-11.35.20:737][291]LogModuleManager: Shutting down and abandoning module MainFrame (230)
[2017.05.05-11.35.20:737][291]LogModuleManager: Shutting down and abandoning module HotReload (229)
[2017.05.05-11.35.20:746][291]LogModuleManager: Shutting down and abandoning module ContentBrowser (225)
[2017.05.05-11.35.20:747][291]LogModuleManager: Shutting down and abandoning module PhysXVehiclesEditor (222)
[2017.05.05-11.35.20:747][291]LogModuleManager: Shutting down and abandoning module PhysXVehicles (220)
[2017.05.05-11.35.20:747][291]LogModuleManager: Shutting down and abandoning module LocationServicesBPLibrary (218)
[2017.05.05-11.35.20:747][291]LogModuleManager: Shutting down and abandoning module UdpMessaging (216)
[2017.05.05-11.35.20:848][291]LogModuleManager: Shutting down and abandoning module TcpMessaging (214)
[2017.05.05-11.35.20:949][291]LogModuleManager: Shutting down and abandoning module LowEntryExtendedStandardLibrary (212)
[2017.05.05-11.35.20:949][291]LogModuleManager: Shutting down and abandoning module GameplayTagsEditor (210)
[2017.05.05-11.35.20:949][291]LogModuleManager: Shutting down and abandoning module FacialAnimationEditor (208)
[2017.05.05-11.35.20:961][291]LogModuleManager: Shutting down and abandoning module FacialAnimation (206)
[2017.05.05-11.35.20:961][291]LogModuleManager: Shutting down and abandoning module LightPropagationVolumeRuntime (204)
[2017.05.05-11.35.20:961][291]LogModuleManager: Shutting down and abandoning module Paper2D (202)
[2017.05.05-11.35.20:961][291]LogModuleManager: Shutting down and abandoning module WindowsMoviePlayer (200)
[2017.05.05-11.35.20:961][291]LogModuleManager: Shutting down and abandoning module WmfMedia (198)
[2017.05.05-11.35.20:961][291]LogModuleManager: Shutting down and abandoning module MfMedia (196)
[2017.05.05-11.35.20:961][291]LogModuleManager: Shutting down and abandoning module MediaAssets (194)
[2017.05.05-11.35.20:961][291]LogModuleManager: Shutting down and abandoning module GameLiveStreaming (192)
[2017.05.05-11.35.20:961][291]LogModuleManager: Shutting down and abandoning module VREditor (190)
[2017.05.05-11.35.20:961][291]LogModuleManager: Shutting down and abandoning module GameplayTasksEditor (188)
[2017.05.05-11.35.20:961][291]LogModuleManager: Shutting down and abandoning module BehaviorTreeEditor (186)
[2017.05.05-11.35.20:973][291]LogModuleManager: Shutting down and abandoning module FunctionalTesting (184)
[2017.05.05-11.35.20:973][291]LogModuleManager: Shutting down and abandoning module CollisionAnalyzer (182)
[2017.05.05-11.35.20:983][291]LogModuleManager: Shutting down and abandoning module UMG (180)
[2017.05.05-11.35.20:998][291]LogModuleManager: Shutting down and abandoning module UMGEditor (179)
[2017.05.05-11.35.21:013][291]LogModuleManager: Shutting down and abandoning module Sequencer (178)
[2017.05.05-11.35.21:013][291]LogModuleManager: Shutting down and abandoning module AssetTools (176)
[2017.05.05-11.35.21:019][291]LogModuleManager: Shutting down and abandoning module MessageLog (175)
[2017.05.05-11.35.21:019][291]LogModuleManager: Shutting down and abandoning module WorkspaceMenuStructure (174)
[2017.05.05-11.35.21:019][291]LogModuleManager: Shutting down and abandoning module SlateReflector (168)
[2017.05.05-11.35.21:032][291]LogModuleManager: Shutting down and abandoning module Slate (166)
[2017.05.05-11.35.21:032][291]LogModuleManager: Shutting down and abandoning module EditorStyle (164)
[2017.05.05-11.35.21:039][291]LogModuleManager: Shutting down and abandoning module SourceCodeAccess (162)
[2017.05.05-11.35.21:039][291]LogModuleManager: Shutting down and abandoning module HeadMountedDisplay (160)
[2017.05.05-11.35.21:039][291]LogModuleManager: Shutting down and abandoning module XAudio2 (158)
[2017.05.05-11.35.21:039][291]LogModuleManager: Shutting down and abandoning module Networking (156)
[2017.05.05-11.35.21:039][291]LogModuleManager: Shutting down and abandoning module Core (152)
[2017.05.05-11.35.21:039][291]LogModuleManager: Shutting down and abandoning module AssetRegistry (150)
[2017.05.05-11.35.21:205][291]LogDirectoryWatcher: A directory notification for '../../../Engine/Content/' was aborted.
[2017.05.05-11.35.21:205][291]LogDirectoryWatcher: A directory notification for '../../../../../../Users/t.caselli/Documents/Unreal Projects/DoomLike/Content/' was aborted.
[2017.05.05-11.35.21:205][291]LogDirectoryWatcher: A directory notification for '../../../Engine/Plugins/2D/Paper2D/Content/' was aborted.
[2017.05.05-11.35.21:205][291]LogDirectoryWatcher: A directory notification for '../../../Engine/Plugins/Marketplace/LowEntryExtStdLib/Content/' was aborted.
[2017.05.05-11.35.21:205][291]LogModuleManager: Shutting down and abandoning module DirectoryWatcher (149)
[2017.05.05-11.35.21:206][291]LogModuleManager: Shutting down and abandoning module KismetCompiler (146)
[2017.05.05-11.35.21:206][291]LogModuleManager: Shutting down and abandoning module PhysXFormats (144)
[2017.05.05-11.35.21:206][291]LogModuleManager: Shutting down and abandoning module MeshUtilities (142)
[2017.05.05-11.35.21:206][291]LogModuleManager: Shutting down and abandoning module SimplygonSwarm (141)
[2017.05.05-11.35.21:206][291]LogModuleManager: Shutting down and abandoning module SimplygonMeshReduction (139)
[2017.05.05-11.35.21:206][291]LogModuleManager: Shutting down and abandoning module QuadricMeshReduction (137)
[2017.05.05-11.35.21:206][291]LogModuleManager: Shutting down and abandoning module PropertyEditor (135)
[2017.05.05-11.35.21:206][291]LogModuleManager: Shutting down and abandoning module DerivedDataCache (132)
[2017.05.05-11.35.21:299][291]LogDerivedDataCache: Shutdown
[2017.05.05-11.35.21:299][291]LogModuleManager: Shutting down and abandoning module TargetPlatform (130)
[2017.05.05-11.35.21:299][291]LogModuleManager: Shutting down and abandoning module VulkanShaderFormat (129)
[2017.05.05-11.35.21:299][291]LogModuleManager: Shutting down and abandoning module ShaderFormatOpenGL (127)
[2017.05.05-11.35.21:309][291]LogModuleManager: Shutting down and abandoning module ShaderFormatD3D (125)
[2017.05.05-11.35.21:309][291]LogModuleManager: Shutting down and abandoning module MetalShaderFormat (123)
[2017.05.05-11.35.21:315][291]LogModuleManager: Shutting down and abandoning module TextureFormatUncompressed (121)
[2017.05.05-11.35.21:315][291]LogModuleManager: Shutting down and abandoning module TextureFormatPVR (119)
[2017.05.05-11.35.21:315][291]LogModuleManager: Shutting down and abandoning module TextureFormatDXT (117)
[2017.05.05-11.35.21:315][291]LogModuleManager: Shutting down and abandoning module TextureFormatIntelISPCTexComp (115)
[2017.05.05-11.35.21:316][291]LogModuleManager: Shutting down and abandoning module TextureFormatASTC (113)
[2017.05.05-11.35.21:316][291]LogModuleManager: Shutting down and abandoning module ImageWrapper (112)
[2017.05.05-11.35.21:316][291]LogModuleManager: Shutting down and abandoning module TextureFormatAndroid (109)
[2017.05.05-11.35.21:316][291]LogModuleManager: Shutting down and abandoning module AudioFormatOpus (107)
[2017.05.05-11.35.21:316][291]LogModuleManager: Shutting down and abandoning module AudioFormatOgg (105)
[2017.05.05-11.35.21:316][291]LogModuleManager: Shutting down and abandoning module AudioFormatADPCM (103)
[2017.05.05-11.35.21:316][291]LogModuleManager: Shutting down and abandoning module LinuxTargetPlatform (101)
[2017.05.05-11.35.21:316][291]LogModuleManager: Shutting down and abandoning module LinuxServerTargetPlatform (99)
[2017.05.05-11.35.21:316][291]LogModuleManager: Shutting down and abandoning module LinuxNoEditorTargetPlatform (97)
[2017.05.05-11.35.21:316][291]LogModuleManager: Shutting down and abandoning module LinuxClientTargetPlatform (95)
[2017.05.05-11.35.21:316][291]LogModuleManager: Shutting down and abandoning module TVOSTargetPlatform (93)
[2017.05.05-11.35.21:316][291]LogModuleManager: Shutting down and abandoning module Messaging (91)
[2017.05.05-11.35.21:316][291]LogModuleManager: Shutting down and abandoning module IOSTargetPlatform (89)
[2017.05.05-11.35.21:316][291]LogModuleManager: Shutting down and abandoning module HTML5TargetPlatform (87)
[2017.05.05-11.35.21:316][291]LogModuleManager: Shutting down and abandoning module Android_PVRTCTargetPlatform (85)
[2017.05.05-11.35.21:316][291]LogModuleManager: Shutting down and abandoning module Android_MultiTargetPlatform (83)
[2017.05.05-11.35.21:316][291]LogModuleManager: Shutting down and abandoning module Android_ETC2TargetPlatform (81)
[2017.05.05-11.35.21:316][291]LogModuleManager: Shutting down and abandoning module Android_ETC1TargetPlatform (79)
[2017.05.05-11.35.21:316][291]LogModuleManager: Shutting down and abandoning module Android_DXTTargetPlatform (77)
[2017.05.05-11.35.21:316][291]LogModuleManager: Shutting down and abandoning module Android_ATCTargetPlatform (75)
[2017.05.05-11.35.21:316][291]LogModuleManager: Shutting down and abandoning module Android_ASTCTargetPlatform (73)
[2017.05.05-11.35.21:316][291]LogModuleManager: Shutting down and abandoning module AndroidTargetPlatform (71)
[2017.05.05-11.35.21:316][291]LogModuleManager: Shutting down and abandoning module WindowsTargetPlatform (69)
[2017.05.05-11.35.21:316][291]LogModuleManager: Shutting down and abandoning module WindowsServerTargetPlatform (67)
[2017.05.05-11.35.21:316][291]LogModuleManager: Shutting down and abandoning module WindowsNoEditorTargetPlatform (65)
[2017.05.05-11.35.21:316][291]LogModuleManager: Shutting down and abandoning module WindowsClientTargetPlatform (63)
[2017.05.05-11.35.21:316][291]LogModuleManager: Shutting down and abandoning module MacTargetPlatform (61)
[2017.05.05-11.35.21:316][291]LogModuleManager: Shutting down and abandoning module MacServerTargetPlatform (59)
[2017.05.05-11.35.21:316][291]LogModuleManager: Shutting down and abandoning module MacNoEditorTargetPlatform (57)
[2017.05.05-11.35.21:316][291]LogModuleManager: Shutting down and abandoning module MacClientTargetPlatform (55)
[2017.05.05-11.35.21:316][291]LogModuleManager: Shutting down and abandoning module AllDesktopTargetPlatform (53)
[2017.05.05-11.35.21:316][291]LogModuleManager: Shutting down and abandoning module InputCore (50)
[2017.05.05-11.35.21:316][291]LogModuleManager: Shutting down and abandoning module Settings (48)
[2017.05.05-11.35.21:316][291]LogModuleManager: Shutting down and abandoning module OculusRift (46)
[2017.05.05-11.35.21:316][291]LogModuleManager: Shutting down and abandoning module ExampleDeviceProfileSelector (44)
[2017.05.05-11.35.21:316][291]LogModuleManager: Shutting down and abandoning module OnlineBlueprintSupport (42)
[2017.05.05-11.35.21:316][291]LogModuleManager: Shutting down and abandoning module OnlineSubsystem (38)
[2017.05.05-11.35.21:316][291]LogOnline:Display: Unloading online subsystem: NULL
[2017.05.05-11.35.21:330][291]LogModuleManager: Shutting down and abandoning module XMPP (37)
[2017.05.05-11.35.21:347][291]LogModuleManager: Shutting down and abandoning module HTTP (35)
[2017.05.05-11.35.21:351][291]LogHttp:Display: Http module shutting down, but needs to wait on 1 outstanding Http requests:
[2017.05.05-11.35.21:351][291]LogHttp:Display: 	verb=[POST] url=[https://datarouter.ol.epicgames.com/datarouter/api/v1/public/data?SessionID=%7B12FC1B6E-44E1-E5BA-5A39-B39B4C2CEAF0%7D&AppID=UEEditor.Rocket.Release&AppVersion=4.15.0-3299760%2B%2B%2BUE4%2BRelease-4.15&UserID=98a77b964a127fc5c7518eb3c1be3726%7Ced06b6efbe81452fa1654f16388cf4b5%7Cf13fa4c9-d113-4333-a52d-084e4a338654&AppEnvironment=datacollector-binary&UploadType=eteventstream] status=Processing
[2017.05.05-11.35.21:375][291]LogModuleManager: Shutting down and abandoning module SSL (34)
[2017.05.05-11.35.21:376][291]LogModuleManager: Shutting down and abandoning module AudioEditor (30)
[2017.05.05-11.35.21:382][291]LogModuleManager: Shutting down and abandoning module TextureCompressor (28)
[2017.05.05-11.35.21:382][291]LogModuleManager: Shutting down and abandoning module ShaderCore (26)
[2017.05.05-11.35.21:382][291]LogModuleManager: Shutting down and abandoning module Landscape (24)
[2017.05.05-11.35.21:382][291]LogModuleManager: Shutting down and abandoning module SlateRHIRenderer (22)
[2017.05.05-11.35.21:392][291]LogModuleManager: Shutting down and abandoning module OpenGLDrv (20)
[2017.05.05-11.35.21:402][291]LogModuleManager: Shutting down and abandoning module D3D11RHI (18)
[2017.05.05-11.35.21:402][291]LogModuleManager: Shutting down and abandoning module AnimGraphRuntime (16)
[2017.05.05-11.35.21:402][291]LogModuleManager: Shutting down and abandoning module Renderer (14)
[2017.05.05-11.35.21:402][291]LogModuleManager: Shutting down and abandoning module Engine (12)
[2017.05.05-11.35.21:402][291]LogModuleManager: Shutting down and abandoning module CoreUObject (10)
[2017.05.05-11.35.21:402][291]LogModuleManager: Shutting down and abandoning module NetworkFile (8)
[2017.05.05-11.35.21:402][291]LogModuleManager: Shutting down and abandoning module StreamingFile (6)
[2017.05.05-11.35.21:402][291]LogModuleManager: Shutting down and abandoning module SandboxFile (4)
[2017.05.05-11.35.21:402][291]LogModuleManager: Shutting down and abandoning module PakFile (2)
[2017.05.05-11.35.21:426][291]LogExit: Exiting.
[2017.05.05-11.35.21:444][291]Log file closed, 05/05/17 13:35:21
